<?xml version="1.0" encoding="UTF-8"?>
<testsuite name="com.weroster.controller.UserControllerTest" tests="4" skipped="0" failures="0" errors="0" timestamp="2025-09-27T01:54:50" hostname="TT" time="0.038">
  <properties/>
  <testcase name="getAvailableUsers_WithEmptyStaffList_ShouldReturnEmptyList()" classname="com.weroster.controller.UserControllerTest" time="0.023"/>
  <testcase name="getAvailableUsers_WithRepositoryException_ShouldReturnInternalServerError()" classname="com.weroster.controller.UserControllerTest" time="0.005"/>
  <testcase name="getAvailableUsers_WithActiveStaff_ShouldReturnUsers()" classname="com.weroster.controller.UserControllerTest" time="0.004"/>
  <testcase name="getAvailableUsers_WithStaffWithoutDesignation_ShouldReturnUsersWithNullTitle()" classname="com.weroster.controller.UserControllerTest" time="0.003"/>
  <system-out><![CDATA[2025-09-27T11:54:48.822+10:00  INFO 34656 --- [weroster-backend] [    Test worker] t.c.s.AnnotationConfigContextLoaderUtils : Could not detect default configuration classes for test class [com.weroster.controller.UserControllerTest]: UserControllerTest does not declare any static, non-private, non-final, nested classes annotated with @Configuration.
2025-09-27T11:54:48.823+10:00  INFO 34656 --- [weroster-backend] [    Test worker] .b.t.c.SpringBootTestContextBootstrapper : Found @SpringBootConfiguration com.weroster.WeRosterApplication for test class com.weroster.controller.UserControllerTest

  .   ____          _            __ _ _
 /\\ / ___'_ __ _ _(_)_ __  __ _ \ \ \ \
( ( )\___ | '_ | '_| | '_ \/ _` | \ \ \ \
 \\/  ___)| |_)| | | | | || (_| |  ) ) ) )
  '  |____| .__|_| |_|_| |_\__, | / / / /
 =========|_|==============|___/=/_/_/_/
 :: Spring Boot ::                (v3.2.0)

2025-09-27T11:54:49.121+10:00  INFO 34656 --- [weroster-backend] [    Test worker] .s.d.r.c.RepositoryConfigurationDelegate : Bootstrapping Spring Data JPA repositories in DEFAULT mode.
2025-09-27T11:54:49.140+10:00  INFO 34656 --- [weroster-backend] [    Test worker] .s.d.r.c.RepositoryConfigurationDelegate : Finished Spring Data repository scanning in 18 ms. Found 11 JPA repository interfaces.
2025-09-27T11:54:49.262+10:00  INFO 34656 --- [weroster-backend] [    Test worker] o.hibernate.jpa.internal.util.LogHelper  : HHH000204: Processing PersistenceUnitInfo [name: default]
2025-09-27T11:54:49.265+10:00  INFO 34656 --- [weroster-backend] [    Test worker] o.h.c.internal.RegionFactoryInitiator    : HHH000026: Second-level cache disabled
2025-09-27T11:54:49.268+10:00  INFO 34656 --- [weroster-backend] [    Test worker] o.s.o.j.p.SpringPersistenceUnitInfo      : No LoadTimeWeaver setup: ignoring JPA class transformer
2025-09-27T11:54:49.271+10:00  INFO 34656 --- [weroster-backend] [    Test worker] com.zaxxer.hikari.HikariDataSource       : HikariPool-4 - Starting...
2025-09-27T11:54:49.273+10:00  INFO 34656 --- [weroster-backend] [    Test worker] com.zaxxer.hikari.pool.HikariPool        : HikariPool-4 - Added connection conn30: url=jdbc:h2:mem:testdb user=SA
2025-09-27T11:54:49.274+10:00  INFO 34656 --- [weroster-backend] [    Test worker] com.zaxxer.hikari.HikariDataSource       : HikariPool-4 - Start completed.
2025-09-27T11:54:49.275+10:00  WARN 34656 --- [weroster-backend] [    Test worker] org.hibernate.orm.deprecation            : HHH90000025: H2Dialect does not need to be specified explicitly using 'hibernate.dialect' (remove the property setting and it will be selected by default)
2025-09-27T11:54:49.482+10:00  INFO 34656 --- [weroster-backend] [    Test worker] o.h.e.t.j.p.i.JtaPlatformInitiator       : HHH000489: No JTA platform available (set 'hibernate.transaction.jta.platform' to enable JTA platform integration)
2025-09-27T11:54:49.520+10:00  INFO 34656 --- [weroster-backend] [    Test worker] j.LocalContainerEntityManagerFactoryBean : Initialized JPA EntityManagerFactory for persistence unit 'default'
2025-09-27T11:54:49.793+10:00  WARN 34656 --- [weroster-backend] [    Test worker] .s.s.UserDetailsServiceAutoConfiguration : 

Using generated security password: 416f00dd-ff00-4b02-bfda-029e5ce6af2f

This generated password is for development use only. Your security configuration must be updated before running your application in production.

2025-09-27T11:54:50.026+10:00  INFO 34656 --- [weroster-backend] [    Test worker] o.s.b.a.e.web.EndpointLinksResolver      : Exposing 3 endpoint(s) beneath base path '/actuator'
]]></system-out>
  <system-err><![CDATA[]]></system-err>
</testsuite>
