<?xml version="1.0" encoding="UTF-8"?>
<testsuite name="com.weroster.controller.LeaveControllerTest" tests="7" skipped="0" failures="0" errors="0" timestamp="2025-09-27T08:08:27" hostname="TT" time="0.142">
  <properties/>
  <testcase name="createLeaveRequest_WithUserNotFound_ShouldReturnBadRequest()" classname="com.weroster.controller.LeaveControllerTest" time="0.051"/>
  <testcase name="createLeaveRequest_WithShiftNotFound_ShouldReturnBadRequest()" classname="com.weroster.controller.LeaveControllerTest" time="0.016"/>
  <testcase name="createLeaveRequest_WithValidAllDayRequest_ShouldReturnSuccess()" classname="com.weroster.controller.LeaveControllerTest" time="0.016"/>
  <testcase name="createLeaveRequest_WithValidShiftRequest_ShouldReturnSuccess()" classname="com.weroster.controller.LeaveControllerTest" time="0.013"/>
  <testcase name="createLeaveRequest_WithDuplicateAllDayRequest_ShouldReturnConflict()" classname="com.weroster.controller.LeaveControllerTest" time="0.011"/>
  <testcase name="createLeaveRequest_WithShiftConflict_ShouldReturnConflict()" classname="com.weroster.controller.LeaveControllerTest" time="0.01"/>
  <testcase name="createLeaveRequest_WithInvalidDateFormat_ShouldReturnBadRequest()" classname="com.weroster.controller.LeaveControllerTest" time="0.011"/>
  <system-out><![CDATA[2025-09-27T18:08:24.742+10:00  INFO 48100 --- [weroster-backend] [    Test worker] t.c.s.AnnotationConfigContextLoaderUtils : Could not detect default configuration classes for test class [com.weroster.controller.LeaveControllerTest]: LeaveControllerTest does not declare any static, non-private, non-final, nested classes annotated with @Configuration.
2025-09-27T18:08:24.742+10:00  INFO 48100 --- [weroster-backend] [    Test worker] .b.t.c.SpringBootTestContextBootstrapper : Found @SpringBootConfiguration com.weroster.WeRosterApplication for test class com.weroster.controller.LeaveControllerTest

  .   ____          _            __ _ _
 /\\ / ___'_ __ _ _(_)_ __  __ _ \ \ \ \
( ( )\___ | '_ | '_| | '_ \/ _` | \ \ \ \
 \\/  ___)| |_)| | | | | || (_| |  ) ) ) )
  '  |____| .__|_| |_|_| |_\__, | / / / /
 =========|_|==============|___/=/_/_/_/
 :: Spring Boot ::                (v3.2.0)

2025-09-27T18:08:25.309+10:00  INFO 48100 --- [weroster-backend] [    Test worker] .s.d.r.c.RepositoryConfigurationDelegate : Bootstrapping Spring Data JPA repositories in DEFAULT mode.
2025-09-27T18:08:25.344+10:00  INFO 48100 --- [weroster-backend] [    Test worker] .s.d.r.c.RepositoryConfigurationDelegate : Finished Spring Data repository scanning in 33 ms. Found 11 JPA repository interfaces.
2025-09-27T18:08:25.872+10:00  INFO 48100 --- [weroster-backend] [    Test worker] o.hibernate.jpa.internal.util.LogHelper  : HHH000204: Processing PersistenceUnitInfo [name: default]
2025-09-27T18:08:25.882+10:00  INFO 48100 --- [weroster-backend] [    Test worker] o.h.c.internal.RegionFactoryInitiator    : HHH000026: Second-level cache disabled
2025-09-27T18:08:25.891+10:00  INFO 48100 --- [weroster-backend] [    Test worker] o.s.o.j.p.SpringPersistenceUnitInfo      : No LoadTimeWeaver setup: ignoring JPA class transformer
2025-09-27T18:08:25.893+10:00  INFO 48100 --- [weroster-backend] [    Test worker] com.zaxxer.hikari.HikariDataSource       : HikariPool-2 - Starting...
2025-09-27T18:08:25.896+10:00  INFO 48100 --- [weroster-backend] [    Test worker] com.zaxxer.hikari.pool.HikariPool        : HikariPool-2 - Added connection conn10: url=jdbc:h2:mem:testdb user=SA
2025-09-27T18:08:25.896+10:00  INFO 48100 --- [weroster-backend] [    Test worker] com.zaxxer.hikari.HikariDataSource       : HikariPool-2 - Start completed.
2025-09-27T18:08:25.897+10:00  WARN 48100 --- [weroster-backend] [    Test worker] org.hibernate.orm.deprecation            : HHH90000025: H2Dialect does not need to be specified explicitly using 'hibernate.dialect' (remove the property setting and it will be selected by default)
2025-09-27T18:08:26.245+10:00  INFO 48100 --- [weroster-backend] [    Test worker] o.h.e.t.j.p.i.JtaPlatformInitiator       : HHH000489: No JTA platform available (set 'hibernate.transaction.jta.platform' to enable JTA platform integration)
2025-09-27T18:08:26.293+10:00  INFO 48100 --- [weroster-backend] [    Test worker] j.LocalContainerEntityManagerFactoryBean : Initialized JPA EntityManagerFactory for persistence unit 'default'
2025-09-27T18:08:26.666+10:00  WARN 48100 --- [weroster-backend] [    Test worker] .s.s.UserDetailsServiceAutoConfiguration : 

Using generated security password: 494dec97-db88-41b5-bc2e-7a4203c1962f

This generated password is for development use only. Your security configuration must be updated before running your application in production.

2025-09-27T18:08:27.056+10:00  INFO 48100 --- [weroster-backend] [    Test worker] o.s.b.a.e.web.EndpointLinksResolver      : Exposing 3 endpoint(s) beneath base path '/actuator'
]]>&#x1f50d;<![CDATA[ Leave Request - Received input: CreateLeaveRequestInput(requestType=null, allDay=true, date=2024-01-15, start=null, end=null, reason=Personal leave, createdBy=UserInfo(id=1, name=Test User, email=test@example.com, role=null), createdAt=2024-01-10T10:00:00, shiftId=null)
]]>&#x1f50d;<![CDATA[ Leave Request - Shift ID: null
]]>&#x1f50d;<![CDATA[ Leave Request - User ID: 1
]]>&#x1f50d;<![CDATA[ Leave Request - Request Type: null
]]>&#x1f50d;<![CDATA[ Leave Request - All Day: true
]]>&#x1f50d;<![CDATA[ Leave Request - Date: 2024-01-15
]]>&#x1f50d;<![CDATA[ Leave Request - Start: null
]]>&#x1f50d;<![CDATA[ Leave Request - End: null
]]>&#x1f50d;<![CDATA[ Leave Request - Reason: Personal leave
]]>&#x1f50d;<![CDATA[ Leave Request - Error: User not found
]]>&#x1f50d;<![CDATA[ Leave Request - Received input: CreateLeaveRequestInput(requestType=null, allDay=true, date=2024-01-15, start=null, end=null, reason=Personal leave, createdBy=UserInfo(id=1, name=Test User, email=test@example.com, role=null), createdAt=2024-01-10T10:00:00, shiftId=999)
]]>&#x1f50d;<![CDATA[ Leave Request - Shift ID: 999
]]>&#x1f50d;<![CDATA[ Leave Request - User ID: 1
]]>&#x1f50d;<![CDATA[ Leave Request - Request Type: null
]]>&#x1f50d;<![CDATA[ Leave Request - All Day: true
]]>&#x1f50d;<![CDATA[ Leave Request - Date: 2024-01-15
]]>&#x1f50d;<![CDATA[ Leave Request - Start: null
]]>&#x1f50d;<![CDATA[ Leave Request - End: null
]]>&#x1f50d;<![CDATA[ Leave Request - Reason: Personal leave
]]>&#x1f50d;<![CDATA[ Leave Request - Found staff: Test User (ID: 1)
]]>&#x1f50d;<![CDATA[ Leave Request - Checking for duplicates...
]]>&#x1f50d;<![CDATA[ Leave Request - Checking duplicates for staff ID: 1, shift ID: 999
]]>&#x1f50d;<![CDATA[ Leave Request - Found 0 existing requests for this staff/shift combination
]]>&#x1f50d;<![CDATA[ Leave Request - Checking for same-day conflicts on: 2024-01-15
]]>&#x1f50d;<![CDATA[ Leave Request - Found 0 existing requests for the same day
]]>&#x1f50d;<![CDATA[ Leave Request - No same-day conflicts found, proceeding with creation
]]>&#x1f50d;<![CDATA[ Leave Request - Error: Shift not found
]]>&#x1f50d;<![CDATA[ Leave Request - Received input: CreateLeaveRequestInput(requestType=null, allDay=true, date=2024-01-15, start=null, end=null, reason=Personal leave, createdBy=UserInfo(id=1, name=Test User, email=test@example.com, role=null), createdAt=2024-01-10T10:00:00, shiftId=null)
]]>&#x1f50d;<![CDATA[ Leave Request - Shift ID: null
]]>&#x1f50d;<![CDATA[ Leave Request - User ID: 1
]]>&#x1f50d;<![CDATA[ Leave Request - Request Type: null
]]>&#x1f50d;<![CDATA[ Leave Request - All Day: true
]]>&#x1f50d;<![CDATA[ Leave Request - Date: 2024-01-15
]]>&#x1f50d;<![CDATA[ Leave Request - Start: null
]]>&#x1f50d;<![CDATA[ Leave Request - End: null
]]>&#x1f50d;<![CDATA[ Leave Request - Reason: Personal leave
]]>&#x1f50d;<![CDATA[ Leave Request - Found staff: Test User (ID: 1)
]]>&#x1f50d;<![CDATA[ Leave Request - Checking for duplicates...
]]>&#x1f50d;<![CDATA[ Leave Request - No shift ID provided, checking for same-day conflicts...
]]>&#x1f50d;<![CDATA[ Leave Request - Checking for same-day conflicts on: 2024-01-15
]]>&#x1f50d;<![CDATA[ Leave Request - Found 0 existing requests for the same day
]]>&#x1f50d;<![CDATA[ Leave Request - No same-day conflicts found, proceeding with creation
]]>&#x1f50d;<![CDATA[ Leave Request - No shift ID provided (not a Day Leave request)
]]>&#x1f50d;<![CDATA[ Leave Request - Using input times: 2024-01-15T00:00 to 2024-01-16T00:00
]]>&#x1f50d;<![CDATA[ Leave Request - About to save leave request to database...
]]>&#x1f50d;<![CDATA[ Leave Request - SUCCESS! Saved leave request with ID: 1
]]>&#x1f50d;<![CDATA[ Leave Request - Staff ID: 1
]]>&#x1f50d;<![CDATA[ Leave Request - Shift ID: null
]]>&#x1f50d;<![CDATA[ Leave Request - Request Type: All Day Leave
]]>&#x1f50d;<![CDATA[ Leave Request - Status: PENDING
]]>&#x1f50d;<![CDATA[ Leave Request - Start Time: null
]]>&#x1f50d;<![CDATA[ Leave Request - End Time: null
]]>&#x1f50d;<![CDATA[ Leave Request - Created At: null
]]>&#x1f50d;<![CDATA[ Leave Request - Received input: CreateLeaveRequestInput(requestType=null, allDay=false, date=2024-01-15, start=09:00, end=17:00, reason=Personal leave, createdBy=UserInfo(id=1, name=Test User, email=test@example.com, role=null), createdAt=2024-01-10T10:00:00, shiftId=1)
]]>&#x1f50d;<![CDATA[ Leave Request - Shift ID: 1
]]>&#x1f50d;<![CDATA[ Leave Request - User ID: 1
]]>&#x1f50d;<![CDATA[ Leave Request - Request Type: null
]]>&#x1f50d;<![CDATA[ Leave Request - All Day: false
]]>&#x1f50d;<![CDATA[ Leave Request - Date: 2024-01-15
]]>&#x1f50d;<![CDATA[ Leave Request - Start: 09:00
]]>&#x1f50d;<![CDATA[ Leave Request - End: 17:00
]]>&#x1f50d;<![CDATA[ Leave Request - Reason: Personal leave
]]>&#x1f50d;<![CDATA[ Leave Request - Found staff: Test User (ID: 1)
]]>&#x1f50d;<![CDATA[ Leave Request - Checking for duplicates...
]]>&#x1f50d;<![CDATA[ Leave Request - Checking duplicates for staff ID: 1, shift ID: 1
]]>&#x1f50d;<![CDATA[ Leave Request - Found 0 existing requests for this staff/shift combination
]]>&#x1f50d;<![CDATA[ Leave Request - Checking for same-day conflicts on: 2024-01-15
]]>&#x1f50d;<![CDATA[ Leave Request - Found 0 existing requests for the same day
]]>&#x1f50d;<![CDATA[ Leave Request - No same-day conflicts found, proceeding with creation
]]>&#x1f50d;<![CDATA[ Leave Request - Found shift: 1 (2024-01-15T09:00 - 2024-01-15T17:00)
]]>&#x1f50d;<![CDATA[ Leave Request - Using shift times: 2024-01-15T09:00 to 2024-01-15T17:00
]]>&#x1f50d;<![CDATA[ Leave Request - About to save leave request to database...
]]>&#x1f50d;<![CDATA[ Leave Request - SUCCESS! Saved leave request with ID: 2
]]>&#x1f50d;<![CDATA[ Leave Request - Staff ID: 1
]]>&#x1f50d;<![CDATA[ Leave Request - Shift ID: null
]]>&#x1f50d;<![CDATA[ Leave Request - Request Type: Shift Leave
]]>&#x1f50d;<![CDATA[ Leave Request - Status: PENDING
]]>&#x1f50d;<![CDATA[ Leave Request - Start Time: null
]]>&#x1f50d;<![CDATA[ Leave Request - End Time: null
]]>&#x1f50d;<![CDATA[ Leave Request - Created At: null
]]>&#x1f50d;<![CDATA[ Leave Request - Received input: CreateLeaveRequestInput(requestType=null, allDay=true, date=2024-01-15, start=null, end=null, reason=Personal leave, createdBy=UserInfo(id=1, name=Test User, email=test@example.com, role=null), createdAt=2024-01-10T10:00:00, shiftId=null)
]]>&#x1f50d;<![CDATA[ Leave Request - Shift ID: null
]]>&#x1f50d;<![CDATA[ Leave Request - User ID: 1
]]>&#x1f50d;<![CDATA[ Leave Request - Request Type: null
]]>&#x1f50d;<![CDATA[ Leave Request - All Day: true
]]>&#x1f50d;<![CDATA[ Leave Request - Date: 2024-01-15
]]>&#x1f50d;<![CDATA[ Leave Request - Start: null
]]>&#x1f50d;<![CDATA[ Leave Request - End: null
]]>&#x1f50d;<![CDATA[ Leave Request - Reason: Personal leave
]]>&#x1f50d;<![CDATA[ Leave Request - Found staff: Test User (ID: 1)
]]>&#x1f50d;<![CDATA[ Leave Request - Checking for duplicates...
]]>&#x1f50d;<![CDATA[ Leave Request - No shift ID provided, checking for same-day conflicts...
]]>&#x1f50d;<![CDATA[ Leave Request - Checking for same-day conflicts on: 2024-01-15
]]>&#x1f50d;<![CDATA[ Leave Request - Found 1 existing requests for the same day
]]>&#x1f50d;<![CDATA[ Leave Request - SAME-DAY CONFLICT DETECTED!
]]>&#x1f50d;<![CDATA[ Leave Request - Existing request ID: 1, Type: All Day Leave, Status: PENDING, Date: 2024-01-15
]]>&#x1f50d;<![CDATA[ Leave Request - Returning 200 OK with same-day conflict flag
]]>&#x1f50d;<![CDATA[ Leave Request - Received input: CreateLeaveRequestInput(requestType=null, allDay=false, date=2024-01-15, start=09:00, end=17:00, reason=Personal leave, createdBy=UserInfo(id=1, name=Test User, email=test@example.com, role=null), createdAt=2024-01-10T10:00:00, shiftId=1)
]]>&#x1f50d;<![CDATA[ Leave Request - Shift ID: 1
]]>&#x1f50d;<![CDATA[ Leave Request - User ID: 1
]]>&#x1f50d;<![CDATA[ Leave Request - Request Type: null
]]>&#x1f50d;<![CDATA[ Leave Request - All Day: false
]]>&#x1f50d;<![CDATA[ Leave Request - Date: 2024-01-15
]]>&#x1f50d;<![CDATA[ Leave Request - Start: 09:00
]]>&#x1f50d;<![CDATA[ Leave Request - End: 17:00
]]>&#x1f50d;<![CDATA[ Leave Request - Reason: Personal leave
]]>&#x1f50d;<![CDATA[ Leave Request - Found staff: Test User (ID: 1)
]]>&#x1f50d;<![CDATA[ Leave Request - Checking for duplicates...
]]>&#x1f50d;<![CDATA[ Leave Request - Checking duplicates for staff ID: 1, shift ID: 1
]]>&#x1f50d;<![CDATA[ Leave Request - Found 0 existing requests for this staff/shift combination
]]>&#x1f50d;<![CDATA[ Leave Request - Checking for same-day conflicts on: 2024-01-15
]]>&#x1f50d;<![CDATA[ Leave Request - Found 1 existing requests for the same day
]]>&#x1f50d;<![CDATA[ Leave Request - SAME-DAY CONFLICT DETECTED!
]]>&#x1f50d;<![CDATA[ Leave Request - Existing request ID: 1, Type: Shift Leave, Status: PENDING, Date: 2024-01-15
]]>&#x1f50d;<![CDATA[ Leave Request - Returning 200 OK with same-day conflict flag
]]>&#x1f50d;<![CDATA[ Leave Request - Received input: CreateLeaveRequestInput(requestType=null, allDay=true, date=invalid-date, start=null, end=null, reason=Personal leave, createdBy=UserInfo(id=1, name=Test User, email=test@example.com, role=null), createdAt=2024-01-10T10:00:00, shiftId=null)
]]>&#x1f50d;<![CDATA[ Leave Request - Shift ID: null
]]>&#x1f50d;<![CDATA[ Leave Request - User ID: 1
]]>&#x1f50d;<![CDATA[ Leave Request - Request Type: null
]]>&#x1f50d;<![CDATA[ Leave Request - All Day: true
]]>&#x1f50d;<![CDATA[ Leave Request - Date: invalid-date
]]>&#x1f50d;<![CDATA[ Leave Request - Start: null
]]>&#x1f50d;<![CDATA[ Leave Request - End: null
]]>&#x1f50d;<![CDATA[ Leave Request - Reason: Personal leave
]]>&#x1f50d;<![CDATA[ Leave Request - Found staff: Test User (ID: 1)
]]>&#x1f50d;<![CDATA[ Leave Request - Checking for duplicates...
]]>&#x1f50d;<![CDATA[ Leave Request - No shift ID provided, checking for same-day conflicts...
]]>&#x1f50d;<![CDATA[ Leave Request - Error: Text 'invalid-date' could not be parsed at index 0
]]></system-out>
  <system-err><![CDATA[]]></system-err>
</testsuite>
