<?xml version="1.0" encoding="UTF-8"?>
<testsuite name="com.weroster.controller.UserControllerTest" tests="4" skipped="0" failures="0" errors="0" timestamp="2025-09-27T08:08:32" hostname="TT" time="0.106">
  <properties/>
  <testcase name="getAvailableUsers_WithEmptyStaffList_ShouldReturnEmptyList()" classname="com.weroster.controller.UserControllerTest" time="0.064"/>
  <testcase name="getAvailableUsers_WithRepositoryException_ShouldReturnInternalServerError()" classname="com.weroster.controller.UserControllerTest" time="0.017"/>
  <testcase name="getAvailableUsers_WithActiveStaff_ShouldReturnUsers()" classname="com.weroster.controller.UserControllerTest" time="0.013"/>
  <testcase name="getAvailableUsers_WithStaffWithoutDesignation_ShouldReturnUsersWithNullTitle()" classname="com.weroster.controller.UserControllerTest" time="0.007"/>
  <system-out><![CDATA[2025-09-27T18:08:30.553+10:00  INFO 48100 --- [weroster-backend] [    Test worker] t.c.s.AnnotationConfigContextLoaderUtils : Could not detect default configuration classes for test class [com.weroster.controller.UserControllerTest]: UserControllerTest does not declare any static, non-private, non-final, nested classes annotated with @Configuration.
2025-09-27T18:08:30.558+10:00  INFO 48100 --- [weroster-backend] [    Test worker] .b.t.c.SpringBootTestContextBootstrapper : Found @SpringBootConfiguration com.weroster.WeRosterApplication for test class com.weroster.controller.UserControllerTest

  .   ____          _            __ _ _
 /\\ / ___'_ __ _ _(_)_ __  __ _ \ \ \ \
( ( )\___ | '_ | '_| | '_ \/ _` | \ \ \ \
 \\/  ___)| |_)| | | | | || (_| |  ) ) ) )
  '  |____| .__|_| |_|_| |_\__, | / / / /
 =========|_|==============|___/=/_/_/_/
 :: Spring Boot ::                (v3.2.0)

2025-09-27T18:08:30.947+10:00  INFO 48100 --- [weroster-backend] [    Test worker] .s.d.r.c.RepositoryConfigurationDelegate : Bootstrapping Spring Data JPA repositories in DEFAULT mode.
2025-09-27T18:08:30.968+10:00  INFO 48100 --- [weroster-backend] [    Test worker] .s.d.r.c.RepositoryConfigurationDelegate : Finished Spring Data repository scanning in 19 ms. Found 11 JPA repository interfaces.
2025-09-27T18:08:31.133+10:00  INFO 48100 --- [weroster-backend] [    Test worker] o.hibernate.jpa.internal.util.LogHelper  : HHH000204: Processing PersistenceUnitInfo [name: default]
2025-09-27T18:08:31.136+10:00  INFO 48100 --- [weroster-backend] [    Test worker] o.h.c.internal.RegionFactoryInitiator    : HHH000026: Second-level cache disabled
2025-09-27T18:08:31.141+10:00  INFO 48100 --- [weroster-backend] [    Test worker] o.s.o.j.p.SpringPersistenceUnitInfo      : No LoadTimeWeaver setup: ignoring JPA class transformer
2025-09-27T18:08:31.141+10:00  INFO 48100 --- [weroster-backend] [    Test worker] com.zaxxer.hikari.HikariDataSource       : HikariPool-4 - Starting...
2025-09-27T18:08:31.146+10:00  INFO 48100 --- [weroster-backend] [    Test worker] com.zaxxer.hikari.pool.HikariPool        : HikariPool-4 - Added connection conn30: url=jdbc:h2:mem:testdb user=SA
2025-09-27T18:08:31.146+10:00  INFO 48100 --- [weroster-backend] [    Test worker] com.zaxxer.hikari.HikariDataSource       : HikariPool-4 - Start completed.
2025-09-27T18:08:31.146+10:00  WARN 48100 --- [weroster-backend] [    Test worker] org.hibernate.orm.deprecation            : HHH90000025: H2Dialect does not need to be specified explicitly using 'hibernate.dialect' (remove the property setting and it will be selected by default)
2025-09-27T18:08:31.383+10:00  INFO 48100 --- [weroster-backend] [    Test worker] o.h.e.t.j.p.i.JtaPlatformInitiator       : HHH000489: No JTA platform available (set 'hibernate.transaction.jta.platform' to enable JTA platform integration)
2025-09-27T18:08:31.420+10:00  INFO 48100 --- [weroster-backend] [    Test worker] j.LocalContainerEntityManagerFactoryBean : Initialized JPA EntityManagerFactory for persistence unit 'default'
2025-09-27T18:08:31.789+10:00  WARN 48100 --- [weroster-backend] [    Test worker] .s.s.UserDetailsServiceAutoConfiguration : 

Using generated security password: 7f75d67b-5c4a-4663-97af-16bf9fdb2305

This generated password is for development use only. Your security configuration must be updated before running your application in production.

2025-09-27T18:08:32.177+10:00  INFO 48100 --- [weroster-backend] [    Test worker] o.s.b.a.e.web.EndpointLinksResolver      : Exposing 3 endpoint(s) beneath base path '/actuator'
]]></system-out>
  <system-err><![CDATA[]]></system-err>
</testsuite>
