<?xml version="1.0" encoding="UTF-8"?>
<testsuite name="com.weroster.controller.AuthControllerTest" tests="6" skipped="0" failures="0" errors="0" timestamp="2025-09-27T08:08:24" hostname="TT" time="0.256">
  <properties/>
  <testcase name="login_WithNullEmail_ShouldReturnUnauthorized()" classname="com.weroster.controller.AuthControllerTest" time="0.169"/>
  <testcase name="login_WithValidCredentials_ShouldReturnSuccess()" classname="com.weroster.controller.AuthControllerTest" time="0.031"/>
  <testcase name="login_WithInactiveUser_ShouldReturnUnauthorized()" classname="com.weroster.controller.AuthControllerTest" time="0.01"/>
  <testcase name="login_WithNullDomain_ShouldReturnUnauthorized()" classname="com.weroster.controller.AuthControllerTest" time="0.009"/>
  <testcase name="login_WithInvalidEmail_ShouldReturnUnauthorized()" classname="com.weroster.controller.AuthControllerTest" time="0.014"/>
  <testcase name="login_WithInvalidPassword_ShouldReturnUnauthorized()" classname="com.weroster.controller.AuthControllerTest" time="0.009"/>
  <system-out><![CDATA[18:08:12.659 [Test worker] INFO org.springframework.test.context.support.AnnotationConfigContextLoaderUtils -- Could not detect default configuration classes for test class [com.weroster.controller.AuthControllerTest]: AuthControllerTest does not declare any static, non-private, non-final, nested classes annotated with @Configuration.
18:08:12.819 [Test worker] INFO org.springframework.boot.test.context.SpringBootTestContextBootstrapper -- Found @SpringBootConfiguration com.weroster.WeRosterApplication for test class com.weroster.controller.AuthControllerTest

  .   ____          _            __ _ _
 /\\ / ___'_ __ _ _(_)_ __  __ _ \ \ \ \
( ( )\___ | '_ | '_| | '_ \/ _` | \ \ \ \
 \\/  ___)| |_)| | | | | || (_| |  ) ) ) )
  '  |____| .__|_| |_|_| |_\__, | / / / /
 =========|_|==============|___/=/_/_/_/
 :: Spring Boot ::                (v3.2.0)

2025-09-27T18:08:14.453+10:00  INFO 48100 --- [weroster-backend] [    Test worker] .s.d.r.c.RepositoryConfigurationDelegate : Bootstrapping Spring Data JPA repositories in DEFAULT mode.
2025-09-27T18:08:14.551+10:00  INFO 48100 --- [weroster-backend] [    Test worker] .s.d.r.c.RepositoryConfigurationDelegate : Finished Spring Data repository scanning in 82 ms. Found 11 JPA repository interfaces.
2025-09-27T18:08:16.974+10:00  INFO 48100 --- [weroster-backend] [    Test worker] o.hibernate.jpa.internal.util.LogHelper  : HHH000204: Processing PersistenceUnitInfo [name: default]
2025-09-27T18:08:17.077+10:00  INFO 48100 --- [weroster-backend] [    Test worker] org.hibernate.Version                    : HHH000412: Hibernate ORM core version 6.3.1.Final
2025-09-27T18:08:17.142+10:00  INFO 48100 --- [weroster-backend] [    Test worker] o.h.c.internal.RegionFactoryInitiator    : HHH000026: Second-level cache disabled
2025-09-27T18:08:17.325+10:00  INFO 48100 --- [weroster-backend] [    Test worker] o.s.o.j.p.SpringPersistenceUnitInfo      : No LoadTimeWeaver setup: ignoring JPA class transformer
2025-09-27T18:08:17.371+10:00  INFO 48100 --- [weroster-backend] [    Test worker] com.zaxxer.hikari.HikariDataSource       : HikariPool-1 - Starting...
2025-09-27T18:08:17.641+10:00  INFO 48100 --- [weroster-backend] [    Test worker] com.zaxxer.hikari.pool.HikariPool        : HikariPool-1 - Added connection conn0: url=jdbc:h2:mem:testdb user=SA
2025-09-27T18:08:17.644+10:00  INFO 48100 --- [weroster-backend] [    Test worker] com.zaxxer.hikari.HikariDataSource       : HikariPool-1 - Start completed.
2025-09-27T18:08:17.684+10:00  WARN 48100 --- [weroster-backend] [    Test worker] org.hibernate.orm.deprecation            : HHH90000025: H2Dialect does not need to be specified explicitly using 'hibernate.dialect' (remove the property setting and it will be selected by default)
2025-09-27T18:08:19.011+10:00  INFO 48100 --- [weroster-backend] [    Test worker] o.h.e.t.j.p.i.JtaPlatformInitiator       : HHH000489: No JTA platform available (set 'hibernate.transaction.jta.platform' to enable JTA platform integration)
2025-09-27T18:08:19.088+10:00  INFO 48100 --- [weroster-backend] [    Test worker] j.LocalContainerEntityManagerFactoryBean : Initialized JPA EntityManagerFactory for persistence unit 'default'
2025-09-27T18:08:19.817+10:00  INFO 48100 --- [weroster-backend] [    Test worker] o.s.d.j.r.query.QueryEnhancerFactory     : Hibernate is in classpath; If applicable, HQL parser will be used.
2025-09-27T18:08:21.290+10:00  WARN 48100 --- [weroster-backend] [    Test worker] .s.s.UserDetailsServiceAutoConfiguration : 

Using generated security password: dd70f9ab-7d18-4a54-8493-e09018a9b638

This generated password is for development use only. Your security configuration must be updated before running your application in production.

2025-09-27T18:08:22.554+10:00  INFO 48100 --- [weroster-backend] [    Test worker] o.s.b.a.e.web.EndpointLinksResolver      : Exposing 3 endpoint(s) beneath base path '/actuator'
]]>&#x1f50d;<![CDATA[ AuthController - Login request received: test/null
]]>&#x1f50d;<![CDATA[ AuthController - User found: false
]]>&#x1f50d;<![CDATA[ AuthController - User not found, returning 401
]]>&#x1f50d;<![CDATA[ AuthController - Login request received: test/test@example.com
]]>&#x1f50d;<![CDATA[ AuthController - User found: true
]]>&#x1f50d;<![CDATA[ AuthController - User status: ACTIVE
]]>&#x1f50d;<![CDATA[ AuthController - Password hash match: true
]]>&#x1f50d;<![CDATA[ AuthController - Token generated, returning success
]]>&#x1f50d;<![CDATA[ AuthController - Login request received: test/test@example.com
]]>&#x1f50d;<![CDATA[ AuthController - User found: true
]]>&#x1f50d;<![CDATA[ AuthController - User status: INACTIVE
]]>&#x1f50d;<![CDATA[ AuthController - Password hash match: true
]]>&#x1f50d;<![CDATA[ AuthController - User not active, returning 401
]]>&#x1f50d;<![CDATA[ AuthController - Login request received: null/test@example.com
]]>&#x1f50d;<![CDATA[ AuthController - User found: false
]]>&#x1f50d;<![CDATA[ AuthController - User not found, returning 401
]]>&#x1f50d;<![CDATA[ AuthController - Login request received: test/test@example.com
]]>&#x1f50d;<![CDATA[ AuthController - User found: false
]]>&#x1f50d;<![CDATA[ AuthController - User not found, returning 401
]]>&#x1f50d;<![CDATA[ AuthController - Login request received: test/test@example.com
]]>&#x1f50d;<![CDATA[ AuthController - User found: true
]]>&#x1f50d;<![CDATA[ AuthController - User status: ACTIVE
]]>&#x1f50d;<![CDATA[ AuthController - Password hash match: false
]]>&#x1f50d;<![CDATA[ AuthController - Password mismatch, returning 401
]]></system-out>
  <system-err><![CDATA[WARNING: A Java agent has been loaded dynamically (C:\Users\yinyu\.gradle\caches\modules-2\files-2.1\net.bytebuddy\byte-buddy-agent\1.14.10\90ed94ac044ea8953b224304c762316e91fd6b31\byte-buddy-agent-1.14.10.jar)
WARNING: If a serviceability tool is in use, please run with -XX:+EnableDynamicAgentLoading to hide this warning
WARNING: If a serviceability tool is not in use, please run with -Djdk.instrument.traceUsage for more information
WARNING: Dynamic loading of agents will be disallowed by default in a future release
]]></system-err>
</testsuite>
