<?xml version="1.0" encoding="UTF-8"?>
<testsuite name="com.weroster.controller.SwapControllerTest" tests="8" skipped="0" failures="0" errors="0" timestamp="2025-09-27T08:08:30" hostname="TT" time="0.14">
  <properties/>
  <testcase name="createSwapRequest_WithRepositoryException_ShouldReturnInternalServerError()" classname="com.weroster.controller.SwapControllerTest" time="0.068"/>
  <testcase name="createSwapRequest_WithNullRequesterId_ShouldReturnBadRequest()" classname="com.weroster.controller.SwapControllerTest" time="0.011"/>
  <testcase name="createSwapRequest_WithNullTargetId_ShouldReturnBadRequest()" classname="com.weroster.controller.SwapControllerTest" time="0.005"/>
  <testcase name="createSwapRequest_WithRequesterNotFound_ShouldReturnBadRequest()" classname="com.weroster.controller.SwapControllerTest" time="0.008"/>
  <testcase name="createSwapRequest_WithTargetNotFound_ShouldReturnBadRequest()" classname="com.weroster.controller.SwapControllerTest" time="0.009"/>
  <testcase name="createSwapRequest_WithValidRequest_ShouldReturnSuccess()" classname="com.weroster.controller.SwapControllerTest" time="0.008"/>
  <testcase name="createSwapRequest_WithInvalidDateFormat_ShouldReturnBadRequest()" classname="com.weroster.controller.SwapControllerTest" time="0.009"/>
  <testcase name="createSwapRequest_WithSameRequesterAndTarget_ShouldReturnBadRequest()" classname="com.weroster.controller.SwapControllerTest" time="0.005"/>
  <system-out><![CDATA[2025-09-27T18:08:27.748+10:00  INFO 48100 --- [weroster-backend] [    Test worker] t.c.s.AnnotationConfigContextLoaderUtils : Could not detect default configuration classes for test class [com.weroster.controller.SwapControllerTest]: SwapControllerTest does not declare any static, non-private, non-final, nested classes annotated with @Configuration.
2025-09-27T18:08:27.754+10:00  INFO 48100 --- [weroster-backend] [    Test worker] .b.t.c.SpringBootTestContextBootstrapper : Found @SpringBootConfiguration com.weroster.WeRosterApplication for test class com.weroster.controller.SwapControllerTest

  .   ____          _            __ _ _
 /\\ / ___'_ __ _ _(_)_ __  __ _ \ \ \ \
( ( )\___ | '_ | '_| | '_ \/ _` | \ \ \ \
 \\/  ___)| |_)| | | | | || (_| |  ) ) ) )
  '  |____| .__|_| |_|_| |_\__, | / / / /
 =========|_|==============|___/=/_/_/_/
 :: Spring Boot ::                (v3.2.0)

2025-09-27T18:08:28.138+10:00  INFO 48100 --- [weroster-backend] [    Test worker] .s.d.r.c.RepositoryConfigurationDelegate : Bootstrapping Spring Data JPA repositories in DEFAULT mode.
2025-09-27T18:08:28.163+10:00  INFO 48100 --- [weroster-backend] [    Test worker] .s.d.r.c.RepositoryConfigurationDelegate : Finished Spring Data repository scanning in 24 ms. Found 11 JPA repository interfaces.
2025-09-27T18:08:28.626+10:00  INFO 48100 --- [weroster-backend] [    Test worker] o.hibernate.jpa.internal.util.LogHelper  : HHH000204: Processing PersistenceUnitInfo [name: default]
2025-09-27T18:08:28.631+10:00  INFO 48100 --- [weroster-backend] [    Test worker] o.h.c.internal.RegionFactoryInitiator    : HHH000026: Second-level cache disabled
2025-09-27T18:08:28.642+10:00  INFO 48100 --- [weroster-backend] [    Test worker] o.s.o.j.p.SpringPersistenceUnitInfo      : No LoadTimeWeaver setup: ignoring JPA class transformer
2025-09-27T18:08:28.642+10:00  INFO 48100 --- [weroster-backend] [    Test worker] com.zaxxer.hikari.HikariDataSource       : HikariPool-3 - Starting...
2025-09-27T18:08:28.642+10:00  INFO 48100 --- [weroster-backend] [    Test worker] com.zaxxer.hikari.pool.HikariPool        : HikariPool-3 - Added connection conn20: url=jdbc:h2:mem:testdb user=SA
2025-09-27T18:08:28.642+10:00  INFO 48100 --- [weroster-backend] [    Test worker] com.zaxxer.hikari.HikariDataSource       : HikariPool-3 - Start completed.
2025-09-27T18:08:28.642+10:00  WARN 48100 --- [weroster-backend] [    Test worker] org.hibernate.orm.deprecation            : HHH90000025: H2Dialect does not need to be specified explicitly using 'hibernate.dialect' (remove the property setting and it will be selected by default)
2025-09-27T18:08:28.965+10:00  INFO 48100 --- [weroster-backend] [    Test worker] o.h.e.t.j.p.i.JtaPlatformInitiator       : HHH000489: No JTA platform available (set 'hibernate.transaction.jta.platform' to enable JTA platform integration)
2025-09-27T18:08:29.015+10:00  INFO 48100 --- [weroster-backend] [    Test worker] j.LocalContainerEntityManagerFactoryBean : Initialized JPA EntityManagerFactory for persistence unit 'default'
2025-09-27T18:08:29.356+10:00  WARN 48100 --- [weroster-backend] [    Test worker] .s.s.UserDetailsServiceAutoConfiguration : 

Using generated security password: 3161e6e4-2519-4dad-9ee1-40a75cc570d0

This generated password is for development use only. Your security configuration must be updated before running your application in production.

2025-09-27T18:08:29.669+10:00  INFO 48100 --- [weroster-backend] [    Test worker] o.s.b.a.e.web.EndpointLinksResolver      : Exposing 3 endpoint(s) beneath base path '/actuator'
]]>&#x1f50d;<![CDATA[ Swap Request - Error: Database error
]]>&#x1f50d;<![CDATA[ Swap Request - Error: Requester ID is required
]]>&#x1f50d;<![CDATA[ Swap Request - Error: Target ID is required
]]>&#x1f50d;<![CDATA[ Swap Request - Error: Requester not found
]]>&#x1f50d;<![CDATA[ Swap Request - Error: Target user not found
]]>&#x1f50d;<![CDATA[ Swap Request - Error: Text 'invalid-date' could not be parsed at index 0
]]>&#x1f50d;<![CDATA[ Swap Request - Error: Cannot swap with yourself
]]></system-out>
  <system-err><![CDATA[]]></system-err>
</testsuite>
