TN:
SF:src\styles.ts
FNF:0
FNH:0
DA:2,0
LF:1
LH:0
BRF:0
BRH:0
end_of_record
TN:
SF:src\api\leave.ts
FN:15,createLeaveRequest
FN:34,getMyLeaves
FNF:2
FNH:1
FNDA:7,createLeaveRequest
FNDA:0,getMyLeaves
DA:16,7
DA:35,0
DA:36,0
LF:3
LH:1
BRDA:35,0,0,0
BRDA:35,0,1,0
BRF:2
BRH:0
end_of_record
TN:
SF:src\api\myroster.ts
FN:90,getAuthToken
FN:100,fetchWithAuth
FN:113,(anonymous_2)
FN:122,getDayRoster
FN:127,getDayView
FN:131,refreshRoster
FN:142,getShiftDetails
FN:146,getCalendarRange
FNF:8
FNH:0
FNDA:0,getAuthToken
FNDA:0,fetchWithAuth
FNDA:0,(anonymous_2)
FNDA:0,getDayRoster
FNDA:0,getDayView
FNDA:0,refreshRoster
FNDA:0,getShiftDetails
FNDA:0,getCalendarRange
DA:91,0
DA:92,0
DA:94,0
DA:95,0
DA:101,0
DA:103,0
DA:112,0
DA:113,0
DA:114,0
DA:115,0
DA:118,0
DA:123,0
DA:124,0
DA:128,0
DA:132,0
DA:133,0
DA:134,0
DA:136,0
DA:137,0
DA:139,0
DA:143,0
DA:147,0
LF:22
LH:0
BRDA:100,0,0,0
BRDA:107,1,0,0
BRDA:107,1,1,0
BRDA:112,2,0,0
BRDA:112,2,1,0
BRDA:114,3,0,0
BRDA:114,3,1,0
BRDA:115,4,0,0
BRDA:115,4,1,0
BRDA:123,5,0,0
BRDA:123,5,1,0
BRDA:133,6,0,0
BRDA:133,6,1,0
BRDA:134,7,0,0
BRDA:134,7,1,0
BRDA:137,8,0,0
BRDA:137,8,1,0
BRDA:146,9,0,0
BRF:18
BRH:0
end_of_record
TN:
SF:src\api\swap.ts
FN:14,createSwapRequest
FNF:1
FNH:1
FNDA:7,createSwapRequest
DA:15,7
LF:1
LH:1
BRF:0
BRH:0
end_of_record
TN:
SF:src\api\user.ts
FN:14,fetchJSON
FN:20,(anonymous_1)
FN:27,getAvailableUsers
FN:29,(anonymous_3)
FNF:4
FNH:2
FNDA:4,fetchJSON
FNDA:0,(anonymous_1)
FNDA:4,getAvailableUsers
FNDA:0,(anonymous_3)
DA:11,1
DA:12,1
DA:15,4
DA:19,3
DA:20,1
DA:21,1
DA:23,2
DA:28,4
DA:29,0
DA:30,0
DA:39,4
LF:11
LH:9
BRDA:19,0,0,1
BRDA:19,0,1,2
BRDA:21,1,0,1
BRDA:21,1,1,0
BRDA:28,2,0,0
BRDA:28,2,1,4
BRF:6
BRH:4
end_of_record
TN:
SF:src\components\calendar\CollapsibleCalendar.tsx
FN:17,(anonymous_0)
FN:20,(anonymous_1)
FN:26,(anonymous_2)
FN:27,(anonymous_3)
FN:30,startOfWeekMon
FN:40,getWeekDays
FN:42,(anonymous_6)
FN:50,buildMonths
FN:51,(anonymous_8)
FN:96,visualOf
FN:107,getShiftTypeForDate
FN:113,(anonymous_11)
FN:116,CollapsibleCalendar
FN:137,(anonymous_13)
FN:147,(anonymous_14)
FN:149,(anonymous_15)
FN:156,(anonymous_16)
FN:212,(anonymous_17)
FN:223,(anonymous_18)
FN:230,(anonymous_19)
FN:266,(anonymous_20)
FN:283,(anonymous_21)
FN:287,(anonymous_22)
FN:296,(anonymous_23)
FN:322,(anonymous_24)
FNF:25
FNH:0
FNDA:0,(anonymous_0)
FNDA:0,(anonymous_1)
FNDA:0,(anonymous_2)
FNDA:0,(anonymous_3)
FNDA:0,startOfWeekMon
FNDA:0,getWeekDays
FNDA:0,(anonymous_6)
FNDA:0,buildMonths
FNDA:0,(anonymous_8)
FNDA:0,visualOf
FNDA:0,getShiftTypeForDate
FNDA:0,(anonymous_11)
FNDA:0,CollapsibleCalendar
FNDA:0,(anonymous_13)
FNDA:0,(anonymous_14)
FNDA:0,(anonymous_15)
FNDA:0,(anonymous_16)
FNDA:0,(anonymous_17)
FNDA:0,(anonymous_18)
FNDA:0,(anonymous_19)
FNDA:0,(anonymous_20)
FNDA:0,(anonymous_21)
FNDA:0,(anonymous_22)
FNDA:0,(anonymous_23)
FNDA:0,(anonymous_24)
DA:11,0
DA:12,0
DA:13,0
DA:14,0
DA:17,0
DA:18,0
DA:20,0
DA:21,0
DA:22,0
DA:23,0
DA:24,0
DA:26,0
DA:27,0
DA:31,0
DA:32,0
DA:33,0
DA:34,0
DA:35,0
DA:36,0
DA:41,0
DA:42,0
DA:43,0
DA:44,0
DA:45,0
DA:51,0
DA:52,0
DA:53,0
DA:54,0
DA:56,0
DA:57,0
DA:58,0
DA:61,0
DA:91,0
DA:98,0
DA:99,0
DA:100,0
DA:101,0
DA:103,0
DA:108,0
DA:109,0
DA:110,0
DA:113,0
DA:124,0
DA:125,0
DA:128,0
DA:130,0
DA:131,0
DA:134,0
DA:137,0
DA:138,0
DA:139,0
DA:142,0
DA:147,0
DA:148,0
DA:149,0
DA:156,0
DA:157,0
DA:158,0
DA:160,0
DA:161,0
DA:163,0
DA:166,0
DA:170,0
DA:172,0
DA:175,0
DA:178,0
DA:180,0
DA:182,0
DA:213,0
DA:224,0
DA:225,0
DA:226,0
DA:227,0
DA:230,0
DA:267,0
DA:284,0
DA:288,0
DA:289,0
DA:290,0
DA:291,0
DA:292,0
DA:297,0
DA:298,0
DA:322,0
DA:323,0
DA:331,0
LF:86
LH:0
BRDA:50,0,0,0
BRDA:98,1,0,0
BRDA:98,1,1,0
BRDA:99,2,0,0
BRDA:99,2,1,0
BRDA:100,3,0,0
BRDA:100,3,1,0
BRDA:101,4,0,0
BRDA:101,4,1,0
BRDA:113,5,0,0
BRDA:113,5,1,0
BRDA:138,6,0,0
BRDA:138,6,1,0
BRDA:158,7,0,0
BRDA:158,7,1,0
BRDA:158,8,0,0
BRDA:158,8,1,0
BRDA:160,9,0,0
BRDA:160,9,1,0
BRDA:167,10,0,0
BRDA:167,10,1,0
BRDA:168,11,0,0
BRDA:168,11,1,0
BRDA:172,12,0,0
BRDA:172,12,1,0
BRDA:187,13,0,0
BRDA:187,13,1,0
BRDA:195,14,0,0
BRDA:195,14,1,0
BRDA:199,15,0,0
BRDA:199,15,1,0
BRDA:208,16,0,0
BRDA:208,16,1,0
BRDA:214,17,0,0
BRDA:214,17,1,0
BRDA:231,18,0,0
BRDA:231,18,1,0
BRDA:231,19,0,0
BRDA:231,19,1,0
BRDA:255,20,0,0
BRDA:255,20,1,0
BRDA:301,21,0,0
BRDA:301,21,1,0
BRDA:301,21,2,0
BRDA:301,22,0,0
BRDA:301,22,1,0
BRDA:301,23,0,0
BRDA:301,23,1,0
BRDA:301,24,0,0
BRDA:301,24,1,0
BRDA:302,25,0,0
BRDA:302,25,1,0
BRDA:324,26,0,0
BRDA:324,26,1,0
BRDA:326,27,0,0
BRDA:326,27,1,0
BRF:56
BRH:0
end_of_record
TN:
SF:src\components\common\AppBar.tsx
FN:7,AppBar
FNF:1
FNH:0
FNDA:0,AppBar
DA:8,0
DA:16,0
LF:2
LH:0
BRF:0
BRH:0
end_of_record
TN:
SF:src\components\common\Avatar.tsx
FN:6,Avatar
FNF:1
FNH:0
FNDA:0,Avatar
DA:7,0
DA:14,0
LF:2
LH:0
BRF:0
BRH:0
end_of_record
TN:
SF:src\components\common\Chip.tsx
FN:5,Chip
FNF:1
FNH:0
FNDA:0,Chip
DA:6,0
DA:14,0
LF:2
LH:0
BRDA:8,0,0,0
BRDA:8,0,1,0
BRF:2
BRH:0
end_of_record
TN:
SF:src\components\overlays\FailToast.tsx
FN:7,FailToast
FN:9,(anonymous_1)
FNF:2
FNH:0
FNDA:0,FailToast
FNDA:0,(anonymous_1)
DA:8,0
DA:9,0
DA:10,0
DA:12,0
DA:13,0
DA:15,0
DA:23,0
LF:7
LH:0
BRDA:10,0,0,0
BRDA:10,0,1,0
BRF:2
BRH:0
end_of_record
TN:
SF:src\components\overlays\Filter.tsx
FN:31,toggleList
FN:32,(anonymous_1)
FN:34,toggleShift
FN:35,(anonymous_3)
FN:38,(anonymous_4)
FN:48,(anonymous_5)
FN:63,(anonymous_6)
FN:77,(anonymous_7)
FN:82,(anonymous_8)
FN:91,(anonymous_9)
FN:96,(anonymous_10)
FN:105,(anonymous_11)
FN:110,(anonymous_12)
FN:119,(anonymous_13)
FN:135,(anonymous_14)
FN:140,(anonymous_15)
FN:150,(anonymous_16)
FNF:17
FNH:0
FNDA:0,toggleList
FNDA:0,(anonymous_1)
FNDA:0,toggleShift
FNDA:0,(anonymous_3)
FNDA:0,(anonymous_4)
FNDA:0,(anonymous_5)
FNDA:0,(anonymous_6)
FNDA:0,(anonymous_7)
FNDA:0,(anonymous_8)
FNDA:0,(anonymous_9)
FNDA:0,(anonymous_10)
FNDA:0,(anonymous_11)
FNDA:0,(anonymous_12)
FNDA:0,(anonymous_13)
FNDA:0,(anonymous_14)
FNDA:0,(anonymous_15)
FNDA:0,(anonymous_16)
DA:28,0
DA:29,0
DA:32,0
DA:35,0
DA:38,0
DA:39,0
DA:48,0
DA:49,0
DA:50,0
DA:52,0
DA:64,0
DA:78,0
DA:82,0
DA:92,0
DA:96,0
DA:106,0
DA:110,0
DA:136,0
DA:140,0
DA:150,0
DA:151,0
DA:157,0
LF:22
LH:0
BRDA:32,0,0,0
BRDA:32,0,1,0
BRDA:35,1,0,0
BRDA:35,1,1,0
BRDA:41,2,0,0
BRDA:41,2,1,0
BRDA:44,3,0,0
BRDA:44,3,1,0
BRDA:49,4,0,0
BRDA:49,4,1,0
BRDA:50,5,0,0
BRDA:50,5,1,0
BRDA:57,6,0,0
BRDA:57,6,1,0
BRDA:128,7,0,0
BRDA:128,7,1,0
BRDA:162,8,0,0
BRDA:162,8,1,0
BRDA:175,9,0,0
BRDA:175,9,1,0
BRDA:179,10,0,0
BRDA:179,10,1,0
BRDA:185,11,0,0
BRDA:185,11,1,0
BRDA:194,12,0,0
BRDA:194,12,1,0
BRDA:200,13,0,0
BRDA:200,13,1,0
BRDA:201,14,0,0
BRDA:201,14,1,0
BRDA:203,15,0,0
BRDA:203,15,1,0
BRDA:204,16,0,0
BRDA:204,16,1,0
BRDA:213,17,0,0
BRDA:213,17,1,0
BRDA:217,18,0,0
BRDA:217,18,1,0
BRF:38
BRH:0
end_of_record
TN:
SF:src\components\overlays\OpenShiftDetails.tsx
FN:30,(anonymous_0)
FN:34,OpenShiftDetails
FN:35,(anonymous_2)
FN:102,(anonymous_3)
FN:127,(anonymous_4)
FNF:5
FNH:0
FNDA:0,(anonymous_0)
FNDA:0,OpenShiftDetails
FNDA:0,(anonymous_2)
FNDA:0,(anonymous_3)
FNDA:0,(anonymous_4)
DA:30,0
DA:31,0
DA:35,0
DA:36,0
DA:37,0
DA:38,0
DA:39,0
DA:42,0
DA:44,0
DA:103,0
DA:127,0
DA:138,0
LF:12
LH:0
BRDA:34,0,0,0
BRDA:36,1,0,0
BRDA:36,1,1,0
BRDA:42,2,0,0
BRDA:42,2,1,0
BRDA:50,3,0,0
BRDA:50,3,1,0
BRDA:80,4,0,0
BRDA:80,4,1,0
BRDA:86,5,0,0
BRDA:86,5,1,0
BRDA:118,6,0,0
BRDA:118,6,1,0
BRDA:171,7,0,0
BRDA:171,7,1,0
BRDA:188,8,0,0
BRDA:188,8,1,0
BRDA:204,9,0,0
BRDA:204,9,1,0
BRF:19
BRH:0
end_of_record
TN:
SF:src\components\overlays\OpenShiftsFilter.tsx
FN:35,(anonymous_0)
FN:41,(anonymous_1)
FN:53,OpenShiftsFilter
FN:57,(anonymous_3)
FN:57,(anonymous_4)
FN:74,(anonymous_5)
FN:78,(anonymous_6)
FN:81,(anonymous_7)
FN:88,(anonymous_8)
FN:92,(anonymous_9)
FN:101,(anonymous_10)
FN:105,(anonymous_11)
FN:114,(anonymous_12)
FN:118,(anonymous_13)
FNF:14
FNH:0
FNDA:0,(anonymous_0)
FNDA:0,(anonymous_1)
FNDA:0,OpenShiftsFilter
FNDA:0,(anonymous_3)
FNDA:0,(anonymous_4)
FNDA:0,(anonymous_5)
FNDA:0,(anonymous_6)
FNDA:0,(anonymous_7)
FNDA:0,(anonymous_8)
FNDA:0,(anonymous_9)
FNDA:0,(anonymous_10)
FNDA:0,(anonymous_11)
FNDA:0,(anonymous_12)
FNDA:0,(anonymous_13)
DA:29,0
DA:30,0
DA:35,0
DA:36,0
DA:41,0
DA:42,0
DA:57,0
DA:59,0
DA:75,0
DA:78,0
DA:89,0
DA:92,0
DA:102,0
DA:105,0
DA:115,0
DA:118,0
DA:130,0
LF:17
LH:0
BRDA:36,0,0,0
BRDA:36,0,1,0
BRDA:37,1,0,0
BRDA:37,1,1,0
BRDA:57,2,0,0
BRDA:57,2,1,0
BRDA:90,3,0,0
BRDA:90,3,1,0
BRDA:101,4,0,0
BRDA:101,4,1,0
BRDA:114,5,0,0
BRDA:114,5,1,0
BRDA:150,6,0,0
BRDA:150,6,1,0
BRF:14
BRH:0
end_of_record
TN:
SF:src\components\overlays\ProfileSideMenu.tsx
FN:35,ProfileSideMenu
FN:55,(anonymous_1)
FN:65,(anonymous_2)
FN:74,(anonymous_3)
FN:84,(anonymous_4)
FN:85,(anonymous_5)
FN:86,(anonymous_6)
FN:90,(anonymous_7)
FN:94,(anonymous_8)
FN:102,(anonymous_9)
FN:116,(anonymous_10)
FNF:11
FNH:0
FNDA:0,ProfileSideMenu
FNDA:0,(anonymous_1)
FNDA:0,(anonymous_2)
FNDA:0,(anonymous_3)
FNDA:0,(anonymous_4)
FNDA:0,(anonymous_5)
FNDA:0,(anonymous_6)
FNDA:0,(anonymous_7)
FNDA:0,(anonymous_8)
FNDA:0,(anonymous_9)
FNDA:0,(anonymous_10)
DA:16,0
DA:17,0
DA:18,0
DA:21,0
DA:22,0
DA:23,0
DA:24,0
DA:44,0
DA:47,0
DA:48,0
DA:51,0
DA:52,0
DA:53,0
DA:55,0
DA:56,0
DA:57,0
DA:58,0
DA:66,0
DA:68,0
DA:70,0
DA:71,0
DA:72,0
DA:73,0
DA:75,0
DA:76,0
DA:82,0
DA:84,0
DA:85,0
DA:88,0
DA:91,0
DA:92,0
DA:95,0
DA:96,0
DA:97,0
DA:103,0
DA:104,0
DA:110,0
DA:112,0
DA:113,0
DA:114,0
DA:116,0
DA:128,0
DA:176,0
LF:43
LH:0
BRDA:47,0,0,0
BRDA:47,0,1,0
BRDA:48,1,0,0
BRDA:48,1,1,0
BRDA:51,2,0,0
BRDA:51,2,1,0
BRDA:52,3,0,0
BRDA:52,3,1,0
BRDA:53,4,0,0
BRDA:53,4,1,0
BRDA:56,5,0,0
BRDA:56,5,1,0
BRDA:68,6,0,0
BRDA:68,6,1,0
BRDA:85,7,0,0
BRDA:85,7,1,0
BRDA:88,8,0,0
BRDA:88,8,1,0
BRDA:95,9,0,0
BRDA:95,9,1,0
BRDA:96,10,0,0
BRDA:96,10,1,0
BRDA:98,11,0,0
BRDA:98,11,1,0
BRDA:99,12,0,0
BRDA:99,12,1,0
BRDA:100,13,0,0
BRDA:100,13,1,0
BRDA:103,14,0,0
BRDA:103,14,1,0
BRDA:104,15,0,0
BRDA:104,15,1,0
BRDA:110,16,0,0
BRDA:110,16,1,0
BRDA:112,17,0,0
BRDA:112,17,1,0
BRDA:113,18,0,0
BRDA:113,18,1,0
BRDA:114,19,0,0
BRDA:114,19,1,0
BRF:40
BRH:0
end_of_record
TN:
SF:src\components\overlays\RequestLeave.tsx
FN:14,RequestLeave
FN:27,(anonymous_1)
FN:44,(anonymous_2)
FN:47,(anonymous_3)
FN:50,(anonymous_4)
FN:53,(anonymous_5)
FN:56,(anonymous_6)
FN:59,(anonymous_7)
FN:63,(anonymous_8)
FN:73,(anonymous_9)
FN:77,(anonymous_10)
FN:81,(anonymous_11)
FN:88,(anonymous_12)
FN:89,(anonymous_13)
FN:93,(anonymous_14)
FN:94,(anonymous_15)
FN:100,(anonymous_16)
FN:179,(anonymous_17)
FN:194,(anonymous_18)
FN:209,(anonymous_19)
FN:218,(anonymous_20)
FN:235,Row
FNF:22
FNH:0
FNDA:0,RequestLeave
FNDA:0,(anonymous_1)
FNDA:0,(anonymous_2)
FNDA:0,(anonymous_3)
FNDA:0,(anonymous_4)
FNDA:0,(anonymous_5)
FNDA:0,(anonymous_6)
FNDA:0,(anonymous_7)
FNDA:0,(anonymous_8)
FNDA:0,(anonymous_9)
FNDA:0,(anonymous_10)
FNDA:0,(anonymous_11)
FNDA:0,(anonymous_12)
FNDA:0,(anonymous_13)
FNDA:0,(anonymous_14)
FNDA:0,(anonymous_15)
FNDA:0,(anonymous_16)
FNDA:0,(anonymous_17)
FNDA:0,(anonymous_18)
FNDA:0,(anonymous_19)
FNDA:0,(anonymous_20)
FNDA:0,Row
DA:24,0
DA:27,0
DA:28,0
DA:29,0
DA:30,0
DA:33,0
DA:34,0
DA:35,0
DA:36,0
DA:39,0
DA:40,0
DA:41,0
DA:42,0
DA:44,0
DA:45,0
DA:46,0
DA:47,0
DA:50,0
DA:51,0
DA:52,0
DA:53,0
DA:56,0
DA:57,0
DA:58,0
DA:59,0
DA:62,0
DA:63,0
DA:64,0
DA:68,0
DA:69,0
DA:70,0
DA:71,0
DA:73,0
DA:74,0
DA:77,0
DA:78,0
DA:81,0
DA:82,0
DA:83,0
DA:84,0
DA:85,0
DA:88,0
DA:89,0
DA:90,0
DA:91,0
DA:93,0
DA:94,0
DA:97,0
DA:98,0
DA:100,0
DA:101,0
DA:102,0
DA:103,0
DA:104,0
DA:116,0
DA:117,0
DA:118,0
DA:120,0
DA:122,0
DA:123,0
DA:124,0
DA:126,0
DA:127,0
DA:128,0
DA:131,0
DA:134,0
DA:136,0
DA:138,0
DA:139,0
DA:141,0
DA:145,0
DA:179,0
DA:196,0
DA:198,0
DA:199,0
DA:209,0
DA:218,0
DA:236,0
DA:244,0
LF:79
LH:0
BRDA:64,0,0,0
BRDA:64,0,1,0
BRDA:82,1,0,0
BRDA:82,1,1,0
BRDA:90,2,0,0
BRDA:90,2,1,0
BRDA:97,3,0,0
BRDA:97,3,1,0
BRDA:101,4,0,0
BRDA:101,4,1,0
BRDA:108,5,0,0
BRDA:108,5,1,0
BRDA:108,6,0,0
BRDA:108,6,1,0
BRDA:109,7,0,0
BRDA:109,7,1,0
BRDA:109,8,0,0
BRDA:109,8,1,0
BRDA:110,9,0,0
BRDA:110,9,1,0
BRDA:111,10,0,0
BRDA:111,10,1,0
BRDA:111,11,0,0
BRDA:111,11,1,0
BRDA:111,12,0,0
BRDA:111,12,1,0
BRDA:113,13,0,0
BRDA:113,13,1,0
BRDA:117,14,0,0
BRDA:117,14,1,0
BRDA:117,15,0,0
BRDA:117,15,1,0
BRDA:117,15,2,0
BRDA:118,16,0,0
BRDA:118,16,1,0
BRDA:120,17,0,0
BRDA:120,17,1,0
BRDA:120,18,0,0
BRDA:120,18,1,0
BRDA:122,19,0,0
BRDA:122,19,1,0
BRDA:127,20,0,0
BRDA:127,20,1,0
BRDA:152,21,0,0
BRDA:152,21,1,0
BRDA:159,22,0,0
BRDA:159,22,1,0
BRDA:173,23,0,0
BRDA:173,23,1,0
BRDA:180,24,0,0
BRDA:180,24,1,0
BRDA:182,25,0,0
BRDA:182,25,1,0
BRDA:191,26,0,0
BRDA:191,26,1,0
BRDA:191,27,0,0
BRDA:191,27,1,0
BRDA:196,28,0,0
BRDA:196,28,1,0
BRDA:198,29,0,0
BRDA:198,29,1,0
BRDA:198,30,0,0
BRDA:198,30,1,0
BRDA:202,31,0,0
BRDA:202,31,1,0
BRDA:202,32,0,0
BRDA:202,32,1,0
BRF:67
BRH:0
end_of_record
TN:
SF:src\components\overlays\RequestShift.tsx
FN:9,RequestShift
FN:23,(anonymous_1)
FN:67,Row
FN:78,(anonymous_3)
FNF:4
FNH:0
FNDA:0,RequestShift
FNDA:0,(anonymous_1)
FNDA:0,Row
FNDA:0,(anonymous_3)
DA:18,0
DA:19,0
DA:20,0
DA:22,0
DA:23,0
DA:24,0
DA:27,0
DA:28,0
DA:29,0
DA:31,0
DA:68,0
DA:78,0
DA:80,0
LF:13
LH:0
BRDA:24,0,0,0
BRDA:24,0,1,0
BRDA:24,1,0,0
BRDA:24,1,1,0
BRDA:27,2,0,0
BRDA:27,2,1,0
BRDA:27,3,0,0
BRDA:27,3,1,0
BRF:8
BRH:0
end_of_record
TN:
SF:src\components\overlays\ShiftDetails.tsx
FN:11,ShiftDetails
FN:23,(anonymous_1)
FN:38,(anonymous_2)
FN:40,(anonymous_3)
FN:46,(anonymous_4)
FN:134,(anonymous_5)
FNF:6
FNH:0
FNDA:0,ShiftDetails
FNDA:0,(anonymous_1)
FNDA:0,(anonymous_2)
FNDA:0,(anonymous_3)
FNDA:0,(anonymous_4)
FNDA:0,(anonymous_5)
DA:20,0
DA:21,0
DA:23,0
DA:24,0
DA:25,0
DA:26,0
DA:35,0
DA:37,0
DA:38,0
DA:39,0
DA:40,0
DA:41,0
DA:42,0
DA:46,0
DA:47,0
DA:48,0
DA:49,0
DA:52,0
DA:53,0
DA:54,0
DA:56,0
DA:60,0
DA:135,0
DA:159,0
LF:24
LH:0
BRDA:24,0,0,0
BRDA:24,0,1,0
BRDA:24,1,0,0
BRDA:24,1,1,0
BRDA:35,2,0,0
BRDA:35,2,1,0
BRDA:35,3,0,0
BRDA:35,3,1,0
BRDA:48,4,0,0
BRDA:48,4,1,0
BRDA:52,5,0,0
BRDA:52,5,1,0
BRDA:53,6,0,0
BRDA:53,6,1,0
BRDA:54,7,0,0
BRDA:54,7,1,0
BRDA:92,8,0,0
BRDA:92,8,1,0
BRDA:98,9,0,0
BRDA:98,9,1,0
BRDA:107,10,0,0
BRDA:107,10,1,0
BRDA:115,11,0,0
BRDA:115,11,1,0
BRDA:122,12,0,0
BRDA:122,12,1,0
BRDA:122,13,0,0
BRDA:122,13,1,0
BRDA:122,13,2,0
BRDA:127,14,0,0
BRDA:127,14,1,0
BRDA:127,15,0,0
BRDA:127,15,1,0
BRDA:135,16,0,0
BRDA:135,16,1,0
BRDA:136,17,0,0
BRDA:136,17,1,0
BRDA:143,18,0,0
BRDA:143,18,1,0
BRDA:143,19,0,0
BRDA:143,19,1,0
BRF:41
BRH:0
end_of_record
TN:
SF:src\components\overlays\SuccessToast.tsx
FN:7,SuccessToast
FN:9,(anonymous_1)
FNF:2
FNH:0
FNDA:0,SuccessToast
FNDA:0,(anonymous_1)
DA:8,0
DA:9,0
DA:10,0
DA:12,0
DA:13,0
DA:15,0
DA:23,0
LF:7
LH:0
BRDA:10,0,0,0
BRDA:10,0,1,0
BRF:2
BRH:0
end_of_record
TN:
SF:src\components\overlays\SwapShift.tsx
FN:28,SwapShift
FN:42,(anonymous_1)
FN:44,(anonymous_2)
FN:48,(anonymous_3)
FN:51,(anonymous_4)
FN:56,(anonymous_5)
FN:83,(anonymous_6)
FN:84,(anonymous_7)
FN:180,(anonymous_8)
FN:190,(anonymous_9)
FN:190,(anonymous_10)
FNF:11
FNH:0
FNDA:0,SwapShift
FNDA:0,(anonymous_1)
FNDA:0,(anonymous_2)
FNDA:0,(anonymous_3)
FNDA:0,(anonymous_4)
FNDA:0,(anonymous_5)
FNDA:0,(anonymous_6)
FNDA:0,(anonymous_7)
FNDA:0,(anonymous_8)
FNDA:0,(anonymous_9)
FNDA:0,(anonymous_10)
DA:34,0
DA:36,0
DA:37,0
DA:38,0
DA:39,0
DA:42,0
DA:43,0
DA:44,0
DA:48,0
DA:49,0
DA:50,0
DA:51,0
DA:54,0
DA:56,0
DA:57,0
DA:58,0
DA:59,0
DA:60,0
DA:61,0
DA:71,0
DA:72,0
DA:74,0
DA:76,0
DA:80,0
DA:83,0
DA:84,0
DA:86,0
DA:87,0
DA:89,0
DA:181,0
DA:182,0
DA:183,0
DA:184,0
DA:185,0
DA:186,0
DA:187,0
DA:190,0
DA:229,0
LF:38
LH:0
BRDA:50,0,0,0
BRDA:50,0,1,0
BRDA:54,1,0,0
BRDA:54,1,1,0
BRDA:57,2,0,0
BRDA:57,2,1,0
BRDA:57,3,0,0
BRDA:57,3,1,0
BRDA:60,4,0,0
BRDA:60,4,1,0
BRDA:66,5,0,0
BRDA:66,5,1,0
BRDA:67,6,0,0
BRDA:67,6,1,0
BRDA:68,7,0,0
BRDA:68,7,1,0
BRDA:80,8,0,0
BRDA:80,8,1,0
BRDA:83,9,0,0
BRDA:83,9,1,0
BRDA:84,10,0,0
BRDA:84,10,1,0
BRDA:95,11,0,0
BRDA:95,11,1,0
BRDA:96,12,0,0
BRDA:96,12,1,0
BRDA:99,13,0,0
BRDA:99,13,1,0
BRDA:99,13,2,0
BRDA:130,14,0,0
BRDA:130,14,1,0
BRDA:131,15,0,0
BRDA:131,15,1,0
BRDA:162,16,0,0
BRDA:162,16,1,0
BRDA:167,17,0,0
BRDA:167,17,1,0
BRDA:167,17,2,0
BRDA:174,18,0,0
BRDA:174,18,1,0
BRDA:174,18,2,0
BRDA:175,19,0,0
BRDA:175,19,1,0
BRDA:182,20,0,0
BRDA:182,20,1,0
BRDA:190,21,0,0
BRDA:190,21,1,0
BRDA:191,22,0,0
BRDA:191,22,1,0
BRDA:195,23,0,0
BRDA:195,23,1,0
BRDA:197,24,0,0
BRDA:197,24,1,0
BRDA:207,25,0,0
BRDA:207,25,1,0
BRDA:208,26,0,0
BRDA:208,26,1,0
BRF:57
BRH:0
end_of_record
TN:
SF:src\components\overlays\TinyMenu.tsx
FN:8,TinyMenu
FNF:1
FNH:0
FNDA:0,TinyMenu
DA:21,0
DA:23,0
DA:24,0
DA:26,0
DA:27,0
DA:29,0
DA:50,0
LF:7
LH:0
BRDA:21,0,0,0
BRDA:21,0,1,0
BRDA:21,1,0,0
BRDA:21,1,1,0
BRF:4
BRH:0
end_of_record
TN:
SF:src\components\overlays\WarningToast.tsx
FN:7,WarningToast
FN:9,(anonymous_1)
FNF:2
FNH:0
FNDA:0,WarningToast
FNDA:0,(anonymous_1)
DA:8,0
DA:9,0
DA:10,0
DA:12,0
DA:13,0
DA:15,0
DA:23,0
LF:7
LH:0
BRDA:10,0,0,0
BRDA:10,0,1,0
BRF:2
BRH:0
end_of_record
TN:
SF:src\components\timeline\DayTimeline.tsx
FN:11,(anonymous_0)
FN:12,(anonymous_1)
FN:13,(anonymous_2)
FN:21,DayTimeline
FN:34,(anonymous_4)
FN:37,(anonymous_5)
FN:48,(anonymous_6)
FN:64,(anonymous_7)
FN:74,(anonymous_8)
FN:128,(anonymous_9)
FN:132,(anonymous_10)
FNF:11
FNH:0
FNDA:0,(anonymous_0)
FNDA:0,(anonymous_1)
FNDA:0,(anonymous_2)
FNDA:0,DayTimeline
FNDA:0,(anonymous_4)
FNDA:0,(anonymous_5)
FNDA:0,(anonymous_6)
FNDA:0,(anonymous_7)
FNDA:0,(anonymous_8)
FNDA:0,(anonymous_9)
FNDA:0,(anonymous_10)
DA:10,0
DA:11,0
DA:12,0
DA:13,0
DA:14,0
DA:15,0
DA:17,0
DA:18,0
DA:30,0
DA:31,0
DA:34,0
DA:35,0
DA:37,0
DA:38,0
DA:39,0
DA:40,0
DA:44,0
DA:45,0
DA:48,0
DA:49,0
DA:57,0
DA:65,0
DA:66,0
DA:75,0
DA:76,0
DA:77,0
DA:81,0
DA:82,0
DA:84,0
DA:128,0
DA:132,0
DA:145,0
LF:32
LH:0
BRDA:17,0,0,0
BRDA:17,0,1,0
BRDA:35,1,0,0
BRDA:35,1,1,0
BRDA:35,2,0,0
BRDA:35,2,1,0
BRDA:40,3,0,0
BRDA:40,3,1,0
BRDA:94,4,0,0
BRDA:94,4,1,0
BRDA:96,5,0,0
BRDA:96,5,1,0
BRDA:97,6,0,0
BRDA:97,6,1,0
BRDA:107,7,0,0
BRDA:107,7,1,0
BRDA:113,8,0,0
BRDA:113,8,1,0
BRDA:119,9,0,0
BRDA:119,9,1,0
BRDA:127,10,0,0
BRDA:127,10,1,0
BRF:22
BRH:0
end_of_record
TN:
SF:src\components\timeline\WeekTimeline.tsx
FN:13,(anonymous_0)
FN:18,(anonymous_1)
FN:19,(anonymous_2)
FN:20,(anonymous_3)
FN:21,(anonymous_4)
FN:30,badgeMetaFor
FN:49,WeekTimeline
FN:67,(anonymous_7)
FN:73,(anonymous_8)
FN:81,(anonymous_9)
FN:89,(anonymous_10)
FN:118,(anonymous_11)
FN:125,(anonymous_12)
FN:134,(anonymous_13)
FN:148,(anonymous_14)
FN:160,(anonymous_15)
FN:184,(anonymous_16)
FNF:17
FNH:0
FNDA:0,(anonymous_0)
FNDA:0,(anonymous_1)
FNDA:0,(anonymous_2)
FNDA:0,(anonymous_3)
FNDA:0,(anonymous_4)
FNDA:0,badgeMetaFor
FNDA:0,WeekTimeline
FNDA:0,(anonymous_7)
FNDA:0,(anonymous_8)
FNDA:0,(anonymous_9)
FNDA:0,(anonymous_10)
FNDA:0,(anonymous_11)
FNDA:0,(anonymous_12)
FNDA:0,(anonymous_13)
FNDA:0,(anonymous_14)
FNDA:0,(anonymous_15)
FNDA:0,(anonymous_16)
DA:13,0
DA:14,0
DA:15,0
DA:16,0
DA:18,0
DA:19,0
DA:20,0
DA:21,0
DA:22,0
DA:32,0
DA:33,0
DA:37,0
DA:38,0
DA:39,0
DA:40,0
DA:41,0
DA:42,0
DA:43,0
DA:46,0
DA:62,0
DA:63,0
DA:64,0
DA:65,0
DA:67,0
DA:68,0
DA:69,0
DA:70,0
DA:73,0
DA:74,0
DA:75,0
DA:76,0
DA:77,0
DA:81,0
DA:82,0
DA:83,0
DA:84,0
DA:85,0
DA:86,0
DA:89,0
DA:90,0
DA:91,0
DA:94,0
DA:95,0
DA:96,0
DA:97,0
DA:100,0
DA:101,0
DA:102,0
DA:104,0
DA:105,0
DA:108,0
DA:119,0
DA:120,0
DA:121,0
DA:126,0
DA:135,0
DA:136,0
DA:137,0
DA:138,0
DA:141,0
DA:142,0
DA:143,0
DA:144,0
DA:145,0
DA:148,0
DA:161,0
DA:185,0
DA:186,0
DA:187,0
DA:188,0
DA:189,0
DA:203,0
LF:72
LH:0
BRDA:19,0,0,0
BRDA:19,0,1,0
BRDA:20,1,0,0
BRDA:20,1,1,0
BRDA:21,2,0,0
BRDA:21,2,1,0
BRDA:32,3,0,0
BRDA:32,3,1,0
BRDA:32,4,0,0
BRDA:32,4,1,0
BRDA:37,5,0,0
BRDA:37,5,1,0
BRDA:39,6,0,0
BRDA:39,6,1,0
BRDA:40,7,0,0
BRDA:40,7,1,0
BRDA:41,8,0,0
BRDA:41,8,1,0
BRDA:42,9,0,0
BRDA:42,9,1,0
BRDA:43,10,0,0
BRDA:43,10,1,0
BRDA:68,11,0,0
BRDA:68,11,1,0
BRDA:70,12,0,0
BRDA:70,12,1,0
BRDA:82,13,0,0
BRDA:82,13,1,0
BRDA:83,14,0,0
BRDA:83,14,1,0
BRDA:83,15,0,0
BRDA:83,15,1,0
BRDA:85,16,0,0
BRDA:85,16,1,0
BRDA:94,17,0,0
BRDA:94,17,1,0
BRDA:97,18,0,0
BRDA:97,18,1,0
BRDA:104,19,0,0
BRDA:104,19,1,0
BRDA:142,20,0,0
BRDA:142,20,1,0
BRDA:144,21,0,0
BRDA:144,21,1,0
BRDA:148,22,0,0
BRDA:148,22,1,0
BRDA:149,23,0,0
BRDA:149,23,1,0
BRDA:169,24,0,0
BRDA:169,24,1,0
BRDA:181,25,0,0
BRDA:181,25,1,0
BRDA:185,26,0,0
BRDA:185,26,1,0
BRDA:188,27,0,0
BRDA:188,27,1,0
BRF:56
BRH:0
end_of_record
TN:
SF:src\contexts\AuthContext.tsx
FN:15,AuthProvider
FN:18,(anonymous_1)
FN:23,(anonymous_2)
FN:26,(anonymous_3)
FN:38,(anonymous_4)
FN:53,(anonymous_5)
FN:78,(anonymous_6)
FN:94,useAuth
FNF:8
FNH:0
FNDA:0,AuthProvider
FNDA:0,(anonymous_1)
FNDA:0,(anonymous_2)
FNDA:0,(anonymous_3)
FNDA:0,(anonymous_4)
FNDA:0,(anonymous_5)
FNDA:0,(anonymous_6)
FNDA:0,useAuth
DA:13,0
DA:16,0
DA:18,0
DA:20,0
DA:23,0
DA:26,0
DA:27,0
DA:28,0
DA:29,0
DA:30,0
DA:31,0
DA:34,0
DA:38,0
DA:39,0
DA:40,0
DA:41,0
DA:42,0
DA:44,0
DA:45,0
DA:47,0
DA:49,0
DA:53,0
DA:54,0
DA:55,0
DA:57,0
DA:63,0
DA:64,0
DA:65,0
DA:66,0
DA:69,0
DA:70,0
DA:71,0
DA:73,0
DA:74,0
DA:78,0
DA:79,0
DA:80,0
DA:83,0
DA:91,0
DA:95,0
DA:96,0
DA:97,0
DA:99,0
LF:43
LH:0
BRDA:29,0,0,0
BRDA:29,0,1,0
BRDA:40,1,0,0
BRDA:40,1,1,0
BRDA:63,2,0,0
BRDA:63,2,1,0
BRDA:96,3,0,0
BRDA:96,3,1,0
BRF:8
BRH:0
end_of_record
TN:
SF:src\contexts\OverlayContext.tsx
FN:12,OverlayProvider
FN:15,(anonymous_1)
FN:19,(anonymous_2)
FN:23,(anonymous_3)
FN:24,(anonymous_4)
FN:36,useOverlayContext
FNF:6
FNH:0
FNDA:0,OverlayProvider
FNDA:0,(anonymous_1)
FNDA:0,(anonymous_2)
FNDA:0,(anonymous_3)
FNDA:0,(anonymous_4)
FNDA:0,useOverlayContext
DA:10,0
DA:13,0
DA:15,0
DA:16,0
DA:19,0
DA:20,0
DA:23,0
DA:24,0
DA:25,0
DA:29,0
DA:37,0
DA:38,0
DA:39,0
DA:41,0
LF:14
LH:0
BRDA:38,0,0,0
BRDA:38,0,1,0
BRF:2
BRH:0
end_of_record
TN:
SF:src\fixtures\dashboard.ts
FN:21,amplifyFixtures
FN:24,(anonymous_1)
FN:25,(anonymous_2)
FN:26,(anonymous_3)
FNF:4
FNH:0
FNDA:0,amplifyFixtures
FNDA:0,(anonymous_1)
FNDA:0,(anonymous_2)
FNDA:0,(anonymous_3)
DA:3,0
DA:22,0
DA:24,0
DA:25,0
DA:26,0
DA:29,0
LF:6
LH:0
BRDA:21,0,0,0
BRDA:22,1,0,0
BRDA:22,1,1,0
BRF:3
BRH:0
end_of_record
TN:
SF:src\hooks\useAutoCloseOverlays.ts
FN:10,useAutoCloseOverlays
FN:14,(anonymous_1)
FN:15,(anonymous_2)
FNF:3
FNH:0
FNDA:0,useAutoCloseOverlays
FNDA:0,(anonymous_1)
FNDA:0,(anonymous_2)
DA:11,0
DA:12,0
DA:14,0
DA:15,0
DA:17,0
DA:20,0
LF:6
LH:0
BRF:0
BRH:0
end_of_record
TN:
SF:src\hooks\useCurrentUser.ts
FN:12,useCurrentUser
FN:25,(anonymous_1)
FN:31,(anonymous_2)
FN:78,(anonymous_3)
FN:89,(anonymous_4)
FN:96,(anonymous_5)
FN:110,(anonymous_6)
FN:141,deriveFirstName
FN:150,deriveDisplayName
FN:158,deriveInitials
FN:176,deriveDesignation
FN:180,deriveAccreditation
FN:184,derivePhone
FN:188,deriveIcal
FNF:14
FNH:14
FNDA:20,useCurrentUser
FNDA:8,(anonymous_1)
FNDA:1,(anonymous_2)
FNDA:9,(anonymous_3)
FNDA:9,(anonymous_4)
FNDA:1,(anonymous_5)
FNDA:18,(anonymous_6)
FNDA:20,deriveFirstName
FNDA:21,deriveDisplayName
FNDA:20,deriveInitials
FNDA:20,deriveDesignation
FNDA:20,deriveAccreditation
FNDA:20,derivePhone
FNDA:20,deriveIcal
DA:13,20
DA:14,20
DA:15,20
DA:16,20
DA:18,20
DA:19,20
DA:20,20
DA:22,20
DA:23,20
DA:25,20
DA:26,8
DA:27,8
DA:29,8
DA:30,1
DA:31,1
DA:32,1
DA:43,1
DA:45,1
DA:48,7
DA:49,7
DA:50,7
DA:52,7
DA:53,7
DA:54,0
DA:55,0
DA:56,0
DA:60,7
DA:66,6
DA:70,1
DA:71,1
DA:74,7
DA:78,20
DA:79,9
DA:80,1
DA:81,8
DA:82,6
DA:84,2
DA:85,2
DA:86,2
DA:89,9
DA:90,9
DA:91,9
DA:96,20
DA:99,20
DA:100,20
DA:101,20
DA:102,20
DA:104,20
DA:105,20
DA:106,20
DA:107,20
DA:109,20
DA:110,18
DA:142,20
DA:143,9
DA:151,21
DA:152,10
DA:153,2
DA:154,2
DA:155,2
DA:156,2
DA:159,20
DA:160,9
DA:161,9
DA:162,9
DA:164,1
DA:165,1
DA:166,1
DA:167,1
DA:168,0
DA:170,0
DA:171,0
DA:172,0
DA:173,0
DA:177,20
DA:178,9
DA:181,20
DA:182,9
DA:185,20
DA:186,9
DA:189,20
DA:190,9
LF:82
LH:74
BRDA:12,0,0,0
BRDA:14,1,0,20
BRDA:14,1,1,0
BRDA:15,2,0,20
BRDA:15,2,1,20
BRDA:29,3,0,1
BRDA:29,3,1,7
BRDA:30,4,0,0
BRDA:30,4,1,1
BRDA:53,5,0,0
BRDA:53,5,1,7
BRDA:70,6,0,1
BRDA:70,6,1,0
BRDA:71,7,0,1
BRDA:71,7,1,0
BRDA:79,8,0,1
BRDA:79,8,1,8
BRDA:81,9,0,6
BRDA:81,9,1,2
BRDA:81,10,0,8
BRDA:81,10,1,6
BRDA:91,11,0,1
BRDA:91,11,1,8
BRDA:99,12,0,20
BRDA:99,12,1,11
BRDA:100,13,0,20
BRDA:100,13,1,11
BRDA:101,14,0,20
BRDA:101,14,1,11
BRDA:102,15,0,20
BRDA:102,15,1,11
BRDA:104,16,0,20
BRDA:104,16,1,18
BRDA:105,17,0,20
BRDA:105,17,1,19
BRDA:106,18,0,20
BRDA:106,18,1,19
BRDA:107,19,0,20
BRDA:107,19,1,19
BRDA:142,20,0,11
BRDA:142,20,1,9
BRDA:144,21,0,9
BRDA:144,21,1,1
BRDA:144,21,2,1
BRDA:144,21,3,1
BRDA:146,22,0,0
BRDA:146,22,1,1
BRDA:147,23,0,1
BRDA:147,23,1,0
BRDA:151,24,0,11
BRDA:151,24,1,10
BRDA:152,25,0,8
BRDA:152,25,1,2
BRDA:152,26,0,10
BRDA:152,26,1,8
BRDA:153,27,0,0
BRDA:153,27,1,2
BRDA:154,28,0,0
BRDA:154,28,1,2
BRDA:154,29,0,2
BRDA:154,29,1,0
BRDA:155,30,0,0
BRDA:155,30,1,2
BRDA:156,31,0,2
BRDA:156,31,1,0
BRDA:159,32,0,11
BRDA:159,32,1,9
BRDA:160,33,0,9
BRDA:160,33,1,1
BRDA:161,34,0,9
BRDA:161,34,1,1
BRDA:162,35,0,8
BRDA:162,35,1,1
BRDA:162,36,0,9
BRDA:162,36,1,8
BRDA:164,37,0,1
BRDA:164,37,1,1
BRDA:165,38,0,1
BRDA:165,38,1,0
BRDA:167,39,0,1
BRDA:167,39,1,0
BRDA:168,40,0,0
BRDA:168,40,1,0
BRDA:170,41,0,0
BRDA:170,41,1,0
BRDA:172,42,0,0
BRDA:172,42,1,0
BRDA:173,43,0,0
BRDA:173,43,1,0
BRDA:177,44,0,11
BRDA:177,44,1,9
BRDA:178,45,0,9
BRDA:178,45,1,7
BRDA:178,45,2,7
BRDA:181,46,0,11
BRDA:181,46,1,9
BRDA:182,47,0,9
BRDA:182,47,1,8
BRDA:182,47,2,8
BRDA:185,48,0,11
BRDA:185,48,1,9
BRDA:186,49,0,9
BRDA:186,49,1,8
BRDA:186,49,2,8
BRDA:186,49,3,8
BRDA:189,50,0,11
BRDA:189,50,1,9
BRDA:190,51,0,9
BRDA:190,51,1,8
BRDA:190,51,2,8
BRDA:190,51,3,8
BRF:111
BRH:88
end_of_record
TN:
SF:src\hooks\useDashboard.ts
FN:16,useDashboardData
FN:32,(anonymous_1)
FN:38,(anonymous_2)
FN:86,(anonymous_3)
FN:88,(anonymous_4)
FN:95,(anonymous_5)
FN:100,(anonymous_6)
FN:105,safeArray
FNF:8
FNH:0
FNDA:0,useDashboardData
FNDA:0,(anonymous_1)
FNDA:0,(anonymous_2)
FNDA:0,(anonymous_3)
FNDA:0,(anonymous_4)
FNDA:0,(anonymous_5)
FNDA:0,(anonymous_6)
FNDA:0,safeArray
DA:17,0
DA:18,0
DA:19,0
DA:20,0
DA:22,0
DA:23,0
DA:24,0
DA:25,0
DA:26,0
DA:27,0
DA:29,0
DA:30,0
DA:32,0
DA:34,0
DA:35,0
DA:36,0
DA:37,0
DA:38,0
DA:39,0
DA:40,0
DA:41,0
DA:42,0
DA:43,0
DA:44,0
DA:46,0
DA:50,0
DA:51,0
DA:52,0
DA:54,0
DA:55,0
DA:57,0
DA:59,0
DA:62,0
DA:63,0
DA:64,0
DA:65,0
DA:67,0
DA:68,0
DA:74,0
DA:75,0
DA:76,0
DA:77,0
DA:79,0
DA:82,0
DA:86,0
DA:87,0
DA:88,0
DA:89,0
DA:90,0
DA:95,0
DA:96,0
DA:99,0
DA:100,0
DA:106,0
LF:54
LH:0
BRDA:16,0,0,0
BRDA:18,1,0,0
BRDA:18,1,1,0
BRDA:19,2,0,0
BRDA:19,2,1,0
BRDA:20,3,0,0
BRDA:20,3,1,0
BRDA:34,4,0,0
BRDA:34,4,1,0
BRDA:37,5,0,0
BRDA:37,5,1,0
BRDA:79,6,0,0
BRDA:79,6,1,0
BRDA:90,7,0,0
BRDA:90,7,1,0
BRDA:106,8,0,0
BRDA:106,8,1,0
BRF:17
BRH:0
end_of_record
TN:
SF:src\hooks\useMyLeaves.ts
FN:11,useMyLeaves
FN:18,(anonymous_1)
FN:21,(anonymous_2)
FN:57,(anonymous_3)
FN:111,(anonymous_4)
FN:115,(anonymous_5)
FNF:6
FNH:0
FNDA:0,useMyLeaves
FNDA:0,(anonymous_1)
FNDA:0,(anonymous_2)
FNDA:0,(anonymous_3)
FNDA:0,(anonymous_4)
FNDA:0,(anonymous_5)
DA:12,0
DA:14,0
DA:15,0
DA:16,0
DA:18,0
DA:19,0
DA:21,0
DA:22,0
DA:46,0
DA:47,0
DA:49,0
DA:52,0
DA:53,0
DA:54,0
DA:56,0
DA:57,0
DA:58,0
DA:59,0
DA:60,0
DA:63,0
DA:71,0
DA:73,0
DA:78,0
DA:83,0
DA:86,0
DA:89,0
DA:102,0
DA:104,0
DA:105,0
DA:107,0
DA:111,0
DA:112,0
DA:115,0
DA:116,0
DA:119,0
LF:35
LH:0
BRDA:11,0,0,0
BRDA:12,1,0,0
BRDA:12,2,0,0
BRDA:19,3,0,0
BRDA:19,3,1,0
BRDA:71,4,0,0
BRDA:71,4,1,0
BRDA:94,5,0,0
BRDA:94,5,1,0
BRDA:105,6,0,0
BRDA:105,6,1,0
BRF:11
BRH:0
end_of_record
TN:
SF:src\hooks\useMyRoster.ts
FN:24,useMyRosterData
FN:35,(anonymous_1)
FN:54,(anonymous_2)
FN:82,(anonymous_3)
FN:88,(anonymous_4)
FN:150,(anonymous_5)
FN:167,(anonymous_6)
FN:172,(anonymous_7)
FN:180,(anonymous_8)
FN:185,(anonymous_9)
FNF:10
FNH:0
FNDA:0,useMyRosterData
FNDA:0,(anonymous_1)
FNDA:0,(anonymous_2)
FNDA:0,(anonymous_3)
FNDA:0,(anonymous_4)
FNDA:0,(anonymous_5)
FNDA:0,(anonymous_6)
FNDA:0,(anonymous_7)
FNDA:0,(anonymous_8)
FNDA:0,(anonymous_9)
DA:25,0
DA:26,0
DA:27,0
DA:29,0
DA:30,0
DA:31,0
DA:32,0
DA:35,0
DA:36,0
DA:41,0
DA:48,0
DA:49,0
DA:54,0
DA:61,0
DA:65,0
DA:82,0
DA:83,0
DA:84,0
DA:85,0
DA:88,0
DA:90,0
DA:91,0
DA:92,0
DA:95,0
DA:96,0
DA:97,0
DA:98,0
DA:101,0
DA:102,0
DA:103,0
DA:117,0
DA:119,0
DA:124,0
DA:125,0
DA:126,0
DA:128,0
DA:131,0
DA:132,0
DA:133,0
DA:136,0
DA:137,0
DA:143,0
DA:149,0
DA:150,0
DA:151,0
DA:152,0
DA:155,0
DA:157,0
DA:158,0
DA:161,0
DA:163,0
DA:167,0
DA:168,0
DA:171,0
DA:173,0
DA:174,0
DA:180,0
DA:181,0
DA:184,0
DA:185,0
LF:60
LH:0
BRDA:24,0,0,0
BRDA:26,1,0,0
BRDA:26,1,1,0
BRDA:27,2,0,0
BRDA:27,2,1,0
BRDA:48,3,0,0
BRDA:48,3,1,0
BRDA:49,4,0,0
BRDA:49,4,1,0
BRDA:54,5,0,0
BRDA:54,5,1,0
BRDA:61,6,0,0
BRDA:61,6,1,0
BRDA:61,7,0,0
BRDA:61,7,1,0
BRDA:63,8,0,0
BRDA:63,8,1,0
BRDA:69,9,0,0
BRDA:69,9,1,0
BRDA:83,10,0,0
BRDA:83,10,1,0
BRDA:101,11,0,0
BRDA:101,11,1,0
BRDA:101,12,0,0
BRDA:101,12,1,0
BRDA:101,12,2,0
BRDA:102,13,0,0
BRDA:102,13,1,0
BRDA:102,14,0,0
BRDA:102,14,1,0
BRDA:105,15,0,0
BRDA:105,15,1,0
BRDA:105,16,0,0
BRDA:105,16,1,0
BRDA:106,17,0,0
BRDA:106,17,1,0
BRDA:106,18,0,0
BRDA:106,18,1,0
BRDA:150,19,0,0
BRDA:150,19,1,0
BRDA:151,20,0,0
BRDA:151,20,1,0
BRDA:151,21,0,0
BRDA:151,21,1,0
BRDA:155,22,0,0
BRDA:155,22,1,0
BRDA:161,23,0,0
BRDA:161,23,1,0
BRDA:174,24,0,0
BRDA:174,24,1,0
BRF:50
BRH:0
end_of_record
TN:
SF:src\hooks\useRoster.ts
FN:9,(anonymous_0)
FN:25,useRosterData
FN:41,(anonymous_2)
FN:44,(anonymous_3)
FN:51,(anonymous_4)
FN:54,(anonymous_5)
FN:60,(anonymous_6)
FN:99,(anonymous_7)
FN:101,(anonymous_8)
FN:107,(anonymous_9)
FN:112,(anonymous_10)
FN:122,(anonymous_11)
FN:127,normalizeShiftMap
FN:136,normalizeEvents
FNF:14
FNH:0
FNDA:0,(anonymous_0)
FNDA:0,useRosterData
FNDA:0,(anonymous_2)
FNDA:0,(anonymous_3)
FNDA:0,(anonymous_4)
FNDA:0,(anonymous_5)
FNDA:0,(anonymous_6)
FNDA:0,(anonymous_7)
FNDA:0,(anonymous_8)
FNDA:0,(anonymous_9)
FNDA:0,(anonymous_10)
FNDA:0,(anonymous_11)
FNDA:0,normalizeShiftMap
FNDA:0,normalizeEvents
DA:9,0
DA:26,0
DA:28,0
DA:29,0
DA:30,0
DA:32,0
DA:33,0
DA:34,0
DA:35,0
DA:37,0
DA:38,0
DA:41,0
DA:44,0
DA:45,0
DA:46,0
DA:48,0
DA:51,0
DA:53,0
DA:55,0
DA:56,0
DA:57,0
DA:58,0
DA:60,0
DA:61,0
DA:62,0
DA:63,0
DA:64,0
DA:66,0
DA:69,0
DA:70,0
DA:71,0
DA:73,0
DA:74,0
DA:76,0
DA:81,0
DA:82,0
DA:86,0
DA:87,0
DA:88,0
DA:89,0
DA:91,0
DA:93,0
DA:99,0
DA:100,0
DA:101,0
DA:102,0
DA:103,0
DA:107,0
DA:108,0
DA:111,0
DA:113,0
DA:114,0
DA:116,0
DA:121,0
DA:122,0
DA:128,0
DA:129,0
DA:130,0
DA:131,0
DA:133,0
DA:137,0
DA:138,0
DA:139,0
DA:140,0
DA:141,0
DA:144,0
LF:66
LH:0
BRDA:25,0,0,0
BRDA:28,1,0,0
BRDA:28,1,1,0
BRDA:29,2,0,0
BRDA:29,2,1,0
BRDA:30,3,0,0
BRDA:30,3,1,0
BRDA:45,4,0,0
BRDA:45,4,1,0
BRDA:55,5,0,0
BRDA:55,5,1,0
BRDA:58,6,0,0
BRDA:58,6,1,0
BRDA:91,7,0,0
BRDA:91,7,1,0
BRDA:103,8,0,0
BRDA:103,8,1,0
BRDA:114,9,0,0
BRDA:114,9,1,0
BRDA:128,10,0,0
BRDA:128,10,1,0
BRDA:131,11,0,0
BRDA:131,11,1,0
BRDA:137,12,0,0
BRDA:137,12,1,0
BRDA:140,13,0,0
BRDA:140,13,1,0
BRF:27
BRH:0
end_of_record
TN:
SF:src\hooks\useRosterPeriod.ts
FN:10,useRosterPeriod
FN:13,(anonymous_1)
FN:14,(anonymous_2)
FN:15,(anonymous_3)
FNF:4
FNH:0
FNDA:0,useRosterPeriod
FNDA:0,(anonymous_1)
FNDA:0,(anonymous_2)
FNDA:0,(anonymous_3)
DA:11,0
DA:13,0
DA:14,0
DA:15,0
DA:17,0
LF:5
LH:0
BRDA:11,0,0,0
BRDA:11,0,1,0
BRF:2
BRH:0
end_of_record
TN:
SF:src\lib\api.ts
FN:9,setAuthTokenGetter
FN:15,(anonymous_1)
FN:21,fetchJson
FN:35,(anonymous_3)
FN:51,(anonymous_4)
FN:64,mergeSignals
FN:68,(anonymous_6)
FNF:7
FNH:3
FNDA:0,setAuthTokenGetter
FNDA:1,(anonymous_1)
FNDA:7,fetchJson
FNDA:0,(anonymous_3)
FNDA:0,(anonymous_4)
FNDA:7,mergeSignals
FNDA:0,(anonymous_6)
DA:4,2
DA:10,0
DA:16,1
DA:17,1
DA:32,7
DA:34,7
DA:35,7
DA:37,7
DA:38,7
DA:39,7
DA:50,6
DA:51,1
DA:52,1
DA:55,4
DA:57,4
DA:58,4
DA:60,7
DA:65,7
DA:66,0
DA:67,0
DA:68,0
DA:69,0
DA:70,0
DA:71,0
DA:72,0
LF:25
LH:17
BRDA:4,0,0,2
BRDA:4,0,1,2
BRDA:23,1,0,6
BRDA:31,2,0,6
BRDA:31,3,0,7
BRDA:31,4,0,7
BRDA:43,5,0,0
BRDA:43,5,1,7
BRDA:46,6,0,1
BRDA:46,6,1,6
BRDA:50,7,0,1
BRDA:50,7,1,4
BRDA:52,8,0,1
BRDA:52,8,1,0
BRDA:57,9,0,0
BRDA:57,9,1,4
BRDA:65,10,0,7
BRDA:65,10,1,0
BRDA:66,11,0,0
BRDA:66,11,1,0
BRDA:71,12,0,0
BRDA:71,12,1,0
BRDA:71,13,0,0
BRDA:71,13,1,0
BRF:24
BRH:14
end_of_record
TN:
SF:src\lib\date.ts
FN:1,(anonymous_0)
FN:4,(anonymous_1)
FN:11,(anonymous_2)
FNF:3
FNH:2
FNDA:4,(anonymous_0)
FNDA:13,(anonymous_1)
FNDA:0,(anonymous_2)
DA:1,1
DA:2,4
DA:4,1
DA:5,13
DA:6,13
DA:7,13
DA:8,13
DA:11,1
DA:12,0
DA:13,0
DA:14,0
DA:15,0
DA:18,0
DA:19,0
LF:14
LH:8
BRDA:18,0,0,0
BRDA:18,0,1,0
BRF:2
BRH:0
end_of_record
TN:
SF:src\lib\fakeData.ts
FN:69,resizeCoworkers
FN:86,parseCampusAndRoom
FN:96,(anonymous_2)
FN:104,startOfWeekMon
FN:114,relativeAssignmentsToday
FN:151,initialsOf
FN:158,clone
FN:159,(anonymous_7)
FN:162,blueprintFor
FN:163,(anonymous_9)
FN:166,groupByDate
FN:167,(anonymous_11)
FN:174,teammatesLabel
FN:181,assignmentToEvent
FN:197,(anonymous_14)
FN:213,placeholderEvent
FN:226,buildEventsFromGroup
FN:229,(anonymous_17)
FN:232,(anonymous_18)
FN:235,(anonymous_19)
FN:236,(anonymous_20)
FN:241,(anonymous_21)
FN:242,(anonymous_22)
FN:250,(anonymous_23)
FN:253,makeDemoAssignments
FN:257,makeDemoShiftMap
FN:262,(anonymous_26)
FN:285,buildEventsFor
FN:290,buildEventsMap
FN:303,getMockShiftForUser
FNF:30
FNH:0
FNDA:0,resizeCoworkers
FNDA:0,parseCampusAndRoom
FNDA:0,(anonymous_2)
FNDA:0,startOfWeekMon
FNDA:0,relativeAssignmentsToday
FNDA:0,initialsOf
FNDA:0,clone
FNDA:0,(anonymous_7)
FNDA:0,blueprintFor
FNDA:0,(anonymous_9)
FNDA:0,groupByDate
FNDA:0,(anonymous_11)
FNDA:0,teammatesLabel
FNDA:0,assignmentToEvent
FNDA:0,(anonymous_14)
FNDA:0,placeholderEvent
FNDA:0,buildEventsFromGroup
FNDA:0,(anonymous_17)
FNDA:0,(anonymous_18)
FNDA:0,(anonymous_19)
FNDA:0,(anonymous_20)
FNDA:0,(anonymous_21)
FNDA:0,(anonymous_22)
FNDA:0,(anonymous_23)
FNDA:0,makeDemoAssignments
FNDA:0,makeDemoShiftMap
FNDA:0,(anonymous_26)
FNDA:0,buildEventsFor
FNDA:0,buildEventsMap
FNDA:0,getMockShiftForUser
DA:22,0
DA:29,0
DA:48,0
DA:55,0
DA:70,0
DA:71,0
DA:72,0
DA:73,0
DA:74,0
DA:75,0
DA:76,0
DA:82,0
DA:87,0
DA:88,0
DA:89,0
DA:90,0
DA:92,0
DA:93,0
DA:96,0
DA:97,0
DA:98,0
DA:100,0
DA:105,0
DA:106,0
DA:107,0
DA:108,0
DA:109,0
DA:110,0
DA:115,0
DA:116,0
DA:117,0
DA:118,0
DA:119,0
DA:121,0
DA:144,0
DA:152,0
DA:153,0
DA:154,0
DA:155,0
DA:159,0
DA:163,0
DA:167,0
DA:168,0
DA:169,0
DA:170,0
DA:175,0
DA:176,0
DA:177,0
DA:178,0
DA:182,0
DA:183,0
DA:185,0
DA:186,0
DA:188,0
DA:189,0
DA:191,0
DA:197,0
DA:214,0
DA:215,0
DA:227,0
DA:228,0
DA:229,0
DA:232,0
DA:233,0
DA:234,0
DA:235,0
DA:236,0
DA:240,0
DA:241,0
DA:242,0
DA:243,0
DA:244,0
DA:245,0
DA:246,0
DA:250,0
DA:254,0
DA:258,0
DA:259,0
DA:261,0
DA:262,0
DA:265,0
DA:266,0
DA:267,0
DA:268,0
DA:269,0
DA:270,0
DA:271,0
DA:272,0
DA:273,0
DA:274,0
DA:276,0
DA:279,0
DA:282,0
DA:286,0
DA:287,0
DA:291,0
DA:292,0
DA:294,0
DA:295,0
DA:298,0
DA:304,0
DA:305,0
DA:306,0
DA:308,0
DA:309,0
DA:311,0
DA:313,0
DA:314,0
DA:316,0
DA:317,0
DA:318,0
DA:320,0
DA:321,0
DA:322,0
DA:324,0
DA:327,0
DA:329,0
DA:331,0
LF:118
LH:0
BRDA:70,0,0,0
BRDA:70,0,1,0
BRDA:70,1,0,0
BRDA:70,1,1,0
BRDA:72,2,0,0
BRDA:72,2,1,0
BRDA:87,3,0,0
BRDA:87,3,1,0
BRDA:89,4,0,0
BRDA:89,4,1,0
BRDA:92,5,0,0
BRDA:92,5,1,0
BRDA:92,6,0,0
BRDA:92,6,1,0
BRDA:93,7,0,0
BRDA:93,7,1,0
BRDA:97,8,0,0
BRDA:97,8,1,0
BRDA:107,9,0,0
BRDA:107,9,1,0
BRDA:153,10,0,0
BRDA:153,10,1,0
BRDA:154,11,0,0
BRDA:154,11,1,0
BRDA:168,12,0,0
BRDA:168,12,1,0
BRDA:175,13,0,0
BRDA:175,13,1,0
BRDA:176,14,0,0
BRDA:176,14,1,0
BRDA:177,15,0,0
BRDA:177,15,1,0
BRDA:183,16,0,0
BRDA:183,16,1,0
BRDA:183,16,2,0
BRDA:185,17,0,0
BRDA:185,17,1,0
BRDA:185,18,0,0
BRDA:185,18,1,0
BRDA:186,19,0,0
BRDA:186,19,1,0
BRDA:189,20,0,0
BRDA:189,20,1,0
BRDA:200,21,0,0
BRDA:200,21,1,0
BRDA:202,22,0,0
BRDA:202,22,1,0
BRDA:203,23,0,0
BRDA:203,23,1,0
BRDA:227,24,0,0
BRDA:227,24,1,0
BRDA:228,25,0,0
BRDA:228,25,1,0
BRDA:233,26,0,0
BRDA:233,26,1,0
BRDA:243,27,0,0
BRDA:243,27,1,0
BRDA:245,28,0,0
BRDA:245,28,1,0
BRDA:257,29,0,0
BRDA:265,30,0,0
BRDA:265,30,1,0
BRDA:267,31,0,0
BRDA:267,31,1,0
BRDA:269,32,0,0
BRDA:269,32,1,0
BRDA:269,33,0,0
BRDA:269,33,1,0
BRDA:271,34,0,0
BRDA:271,34,1,0
BRDA:273,35,0,0
BRDA:273,35,1,0
BRDA:285,36,0,0
BRDA:290,37,0,0
BRDA:305,38,0,0
BRDA:305,38,1,0
BRDA:306,39,0,0
BRDA:306,39,1,0
BRDA:311,40,0,0
BRDA:311,40,1,0
BRDA:311,40,2,0
BRDA:311,40,3,0
BRDA:327,41,0,0
BRDA:327,41,1,0
BRF:84
BRH:0
end_of_record
TN:
SF:src\lib\rosterPeriods.ts
FN:52,getRosterPeriodForDate
FN:68,getCurrentRosterPeriod
FN:76,getRosterPeriodMonths
FN:98,buildMonthsFromStart
FN:99,(anonymous_4)
FN:102,(anonymous_5)
FN:103,(anonymous_6)
FN:105,(anonymous_7)
FN:127,getNextRosterPeriod
FN:131,(anonymous_9)
FN:140,getPreviousRosterPeriod
FN:144,(anonymous_11)
FNF:12
FNH:0
FNDA:0,getRosterPeriodForDate
FNDA:0,getCurrentRosterPeriod
FNDA:0,getRosterPeriodMonths
FNDA:0,buildMonthsFromStart
FNDA:0,(anonymous_4)
FNDA:0,(anonymous_5)
FNDA:0,(anonymous_6)
FNDA:0,(anonymous_7)
FNDA:0,getNextRosterPeriod
FNDA:0,(anonymous_9)
FNDA:0,getPreviousRosterPeriod
FNDA:0,(anonymous_11)
DA:14,0
DA:53,0
DA:54,0
DA:55,0
DA:57,0
DA:58,0
DA:62,0
DA:69,0
DA:82,0
DA:84,0
DA:86,0
DA:87,0
DA:91,0
DA:92,0
DA:99,0
DA:100,0
DA:102,0
DA:103,0
DA:105,0
DA:106,0
DA:107,0
DA:108,0
DA:110,0
DA:111,0
DA:112,0
DA:115,0
DA:128,0
DA:129,0
DA:131,0
DA:132,0
DA:134,0
DA:141,0
DA:142,0
DA:144,0
DA:145,0
DA:147,0
LF:36
LH:0
BRDA:57,0,0,0
BRDA:57,0,1,0
BRDA:57,1,0,0
BRDA:57,1,1,0
BRDA:84,2,0,0
BRDA:84,2,1,0
BRDA:129,3,0,0
BRDA:129,3,1,0
BRDA:132,4,0,0
BRDA:132,4,1,0
BRDA:132,5,0,0
BRDA:132,5,1,0
BRDA:142,6,0,0
BRDA:142,6,1,0
BRDA:145,7,0,0
BRDA:145,7,1,0
BRF:16
BRH:0
end_of_record
TN:
SF:src\navigation\AppTabs.tsx
FN:10,(anonymous_0)
FN:12,Roster
FN:13,MyRequest
FN:14,MyTeam
FN:25,AppTabs
FN:28,(anonymous_5)
FN:32,(anonymous_6)
FN:64,(anonymous_7)
FNF:8
FNH:0
FNDA:0,(anonymous_0)
FNDA:0,Roster
FNDA:0,MyRequest
FNDA:0,MyTeam
FNDA:0,AppTabs
FNDA:0,(anonymous_5)
FNDA:0,(anonymous_6)
FNDA:0,(anonymous_7)
DA:8,0
DA:9,0
DA:10,0
DA:12,0
DA:13,0
DA:14,0
DA:23,0
DA:26,0
DA:28,0
DA:33,0
DA:39,0
DA:40,0
DA:66,0
LF:13
LH:0
BRDA:42,0,0,0
BRDA:42,0,1,0
BRF:2
BRH:0
end_of_record
TN:
SF:src\navigation\RootNavigator.tsx
FN:28,RootNavigator
FN:38,(anonymous_1)
FNF:2
FNH:0
FNDA:0,RootNavigator
FNDA:0,(anonymous_1)
DA:26,0
DA:29,0
DA:39,0
LF:3
LH:0
BRF:0
BRH:0
end_of_record
TN:
SF:src\screens\Dashboard\constants.ts
FNF:0
FNH:0
DA:5,0
DA:7,0
DA:8,0
DA:9,0
DA:10,0
DA:11,0
LF:6
LH:0
BRF:0
BRH:0
end_of_record
TN:
SF:src\screens\Dashboard\styles.ts
FNF:0
FNH:0
DA:7,0
LF:1
LH:0
BRF:0
BRH:0
end_of_record
TN:
SF:src\screens\Dashboard\components\ErrorBanner.tsx
FN:5,(anonymous_0)
FNF:1
FNH:0
FNDA:0,(anonymous_0)
DA:5,0
DA:6,0
LF:2
LH:0
BRF:0
BRH:0
end_of_record
TN:
SF:src\screens\Dashboard\components\Header.tsx
FN:7,Header
FNF:1
FNH:0
FNDA:0,Header
DA:7,0
DA:16,0
LF:2
LH:0
BRF:0
BRH:0
end_of_record
TN:
SF:src\screens\Dashboard\components\PaginationDots.tsx
FN:6,PaginationDots
FN:10,(anonymous_1)
FNF:2
FNH:0
FNDA:0,PaginationDots
FNDA:0,(anonymous_1)
DA:7,0
DA:8,0
DA:11,0
LF:3
LH:0
BRDA:7,0,0,0
BRDA:7,0,1,0
BRDA:18,1,0,0
BRDA:18,1,1,0
BRF:4
BRH:0
end_of_record
TN:
SF:src\screens\Dashboard\components\Row.tsx
FN:6,(anonymous_0)
FNF:1
FNH:0
FNDA:0,(anonymous_0)
DA:6,0
DA:7,0
LF:2
LH:0
BRDA:6,0,0,0
BRF:1
BRH:0
end_of_record
TN:
SF:src\screens\Dashboard\components\Section.tsx
FN:20,Section
FNF:1
FNH:0
FNDA:0,Section
DA:20,0
DA:31,0
LF:2
LH:0
BRDA:35,0,0,0
BRDA:35,0,1,0
BRF:2
BRH:0
end_of_record
TN:
SF:src\screens\Dashboard\components\cards\DutyCard.tsx
FN:11,DutyCard
FNF:1
FNH:0
FNDA:0,DutyCard
DA:11,0
DA:12,0
LF:2
LH:0
BRF:0
BRH:0
end_of_record
TN:
SF:src\screens\Dashboard\components\cards\LeaveCard.tsx
FN:11,LeaveCard
FNF:1
FNH:0
FNDA:0,LeaveCard
DA:11,0
DA:12,0
DA:13,0
DA:14,0
DA:15,0
DA:16,0
DA:18,0
LF:7
LH:0
BRDA:14,0,0,0
BRDA:14,0,1,0
BRDA:14,1,0,0
BRDA:14,1,1,0
BRDA:15,2,0,0
BRDA:15,2,1,0
BRDA:15,3,0,0
BRDA:15,3,1,0
BRDA:16,4,0,0
BRDA:16,4,1,0
BRDA:16,5,0,0
BRDA:16,5,1,0
BRF:12
BRH:0
end_of_record
TN:
SF:src\screens\Dashboard\components\cards\ShiftCard.tsx
FN:11,ShiftCard
FNF:1
FNH:0
FNDA:0,ShiftCard
DA:11,0
DA:12,0
LF:2
LH:0
BRDA:18,0,0,0
BRDA:18,0,1,0
BRDA:19,1,0,0
BRDA:19,1,1,0
BRDA:26,2,0,0
BRDA:26,2,1,0
BRF:6
BRH:0
end_of_record
TN:
SF:src\screens\Dashboard\components\skeletons\DutyCardSkeleton.tsx
FN:8,(anonymous_0)
FNF:1
FNH:0
FNDA:0,(anonymous_0)
DA:8,0
DA:9,0
LF:2
LH:0
BRF:0
BRH:0
end_of_record
TN:
SF:src\screens\Dashboard\components\skeletons\LeaveCardSkeleton.tsx
FN:8,(anonymous_0)
FN:11,(anonymous_1)
FNF:2
FNH:0
FNDA:0,(anonymous_0)
FNDA:0,(anonymous_1)
DA:8,0
DA:9,0
DA:12,0
LF:3
LH:0
BRF:0
BRH:0
end_of_record
TN:
SF:src\screens\Dashboard\components\skeletons\Pulse.tsx
FN:4,(anonymous_0)
FNF:1
FNH:0
FNDA:0,(anonymous_0)
DA:4,0
LF:1
LH:0
BRF:0
BRH:0
end_of_record
TN:
SF:src\screens\Dashboard\components\skeletons\ShiftCardSkeleton.tsx
FN:8,(anonymous_0)
FN:11,(anonymous_1)
FNF:2
FNH:0
FNDA:0,(anonymous_0)
FNDA:0,(anonymous_1)
DA:8,0
DA:9,0
DA:12,0
LF:3
LH:0
BRF:0
BRH:0
end_of_record
TN:
SF:src\screens\Dashboard\utils\placeholder.ts
FN:2,placeholderArray
FNF:1
FNH:0
FNDA:0,placeholderArray
DA:3,0
LF:1
LH:0
BRF:0
BRH:0
end_of_record
TN:
SF:src\screens\Dashboard\utils\useHorizontalSnap.ts
FN:6,useHorizontalSnapProps
FN:10,(anonymous_1)
FN:25,(anonymous_2)
FNF:3
FNH:0
FNDA:0,useHorizontalSnapProps
FNDA:0,(anonymous_1)
FNDA:0,(anonymous_2)
DA:7,0
DA:9,0
DA:11,0
DA:12,0
DA:17,0
DA:19,0
DA:25,0
LF:7
LH:0
BRDA:12,0,0,0
BRDA:12,0,1,0
BRDA:17,1,0,0
BRDA:17,1,1,0
BRF:4
BRH:0
end_of_record
TN:
SF:src\screens\Roster\MyRoster.tsx
FN:27,MyRoster
FN:33,(anonymous_1)
FN:47,(anonymous_2)
FN:58,(anonymous_3)
FN:63,(anonymous_4)
FN:66,(anonymous_5)
FN:70,(anonymous_6)
FN:71,(anonymous_7)
FN:75,(anonymous_8)
FN:83,(anonymous_9)
FN:98,(anonymous_10)
FN:98,(anonymous_11)
FN:103,(anonymous_12)
FN:104,(anonymous_13)
FN:105,(anonymous_14)
FN:106,(anonymous_15)
FN:107,(anonymous_16)
FN:108,(anonymous_17)
FN:109,(anonymous_18)
FN:111,(anonymous_19)
FN:123,(anonymous_20)
FN:124,(anonymous_21)
FN:125,(anonymous_22)
FN:126,(anonymous_23)
FN:127,(anonymous_24)
FN:128,(anonymous_25)
FN:131,(anonymous_26)
FN:132,(anonymous_27)
FN:134,(anonymous_28)
FN:137,(anonymous_29)
FN:142,(anonymous_30)
FN:147,(anonymous_31)
FN:154,(anonymous_32)
FN:184,(anonymous_33)
FN:184,(anonymous_34)
FN:185,(anonymous_35)
FN:189,(anonymous_36)
FN:190,(anonymous_37)
FN:191,(anonymous_38)
FN:202,(anonymous_39)
FN:211,(anonymous_40)
FN:212,(anonymous_41)
FN:224,(anonymous_42)
FN:225,(anonymous_43)
FN:233,(anonymous_44)
FN:238,(anonymous_45)
FN:239,(anonymous_46)
FN:246,(anonymous_47)
FN:247,(anonymous_48)
FN:260,(anonymous_49)
FN:261,(anonymous_50)
FNF:51
FNH:0
FNDA:0,MyRoster
FNDA:0,(anonymous_1)
FNDA:0,(anonymous_2)
FNDA:0,(anonymous_3)
FNDA:0,(anonymous_4)
FNDA:0,(anonymous_5)
FNDA:0,(anonymous_6)
FNDA:0,(anonymous_7)
FNDA:0,(anonymous_8)
FNDA:0,(anonymous_9)
FNDA:0,(anonymous_10)
FNDA:0,(anonymous_11)
FNDA:0,(anonymous_12)
FNDA:0,(anonymous_13)
FNDA:0,(anonymous_14)
FNDA:0,(anonymous_15)
FNDA:0,(anonymous_16)
FNDA:0,(anonymous_17)
FNDA:0,(anonymous_18)
FNDA:0,(anonymous_19)
FNDA:0,(anonymous_20)
FNDA:0,(anonymous_21)
FNDA:0,(anonymous_22)
FNDA:0,(anonymous_23)
FNDA:0,(anonymous_24)
FNDA:0,(anonymous_25)
FNDA:0,(anonymous_26)
FNDA:0,(anonymous_27)
FNDA:0,(anonymous_28)
FNDA:0,(anonymous_29)
FNDA:0,(anonymous_30)
FNDA:0,(anonymous_31)
FNDA:0,(anonymous_32)
FNDA:0,(anonymous_33)
FNDA:0,(anonymous_34)
FNDA:0,(anonymous_35)
FNDA:0,(anonymous_36)
FNDA:0,(anonymous_37)
FNDA:0,(anonymous_38)
FNDA:0,(anonymous_39)
FNDA:0,(anonymous_40)
FNDA:0,(anonymous_41)
FNDA:0,(anonymous_42)
FNDA:0,(anonymous_43)
FNDA:0,(anonymous_44)
FNDA:0,(anonymous_45)
FNDA:0,(anonymous_46)
FNDA:0,(anonymous_47)
FNDA:0,(anonymous_48)
FNDA:0,(anonymous_49)
FNDA:0,(anonymous_50)
DA:28,0
DA:29,0
DA:30,0
DA:33,0
DA:34,0
DA:35,0
DA:36,0
DA:37,0
DA:38,0
DA:39,0
DA:43,0
DA:46,0
DA:47,0
DA:50,0
DA:51,0
DA:54,0
DA:55,0
DA:56,0
DA:58,0
DA:59,0
DA:60,0
DA:61,0
DA:62,0
DA:64,0
DA:67,0
DA:68,0
DA:70,0
DA:71,0
DA:75,0
DA:76,0
DA:77,0
DA:78,0
DA:79,0
DA:80,0
DA:81,0
DA:83,0
DA:86,0
DA:87,0
DA:88,0
DA:89,0
DA:91,0
DA:92,0
DA:94,0
DA:95,0
DA:97,0
DA:98,0
DA:101,0
DA:103,0
DA:104,0
DA:105,0
DA:106,0
DA:107,0
DA:108,0
DA:109,0
DA:111,0
DA:112,0
DA:113,0
DA:114,0
DA:115,0
DA:116,0
DA:117,0
DA:122,0
DA:123,0
DA:124,0
DA:125,0
DA:126,0
DA:127,0
DA:128,0
DA:131,0
DA:132,0
DA:134,0
DA:137,0
DA:138,0
DA:139,0
DA:140,0
DA:142,0
DA:143,0
DA:144,0
DA:146,0
DA:148,0
DA:154,0
DA:155,0
DA:156,0
DA:157,0
DA:160,0
DA:184,0
DA:186,0
DA:187,0
DA:188,0
DA:189,0
DA:190,0
DA:191,0
DA:202,0
DA:212,0
DA:213,0
DA:214,0
DA:224,0
DA:226,0
DA:228,0
DA:229,0
DA:231,0
DA:233,0
DA:238,0
DA:239,0
DA:246,0
DA:248,0
DA:249,0
DA:251,0
DA:260,0
DA:261,0
DA:274,0
LF:111
LH:0
BRDA:37,0,0,0
BRDA:37,0,1,0
BRDA:50,1,0,0
BRDA:50,1,1,0
BRDA:51,2,0,0
BRDA:51,2,1,0
BRDA:64,3,0,0
BRDA:64,3,1,0
BRDA:68,4,0,0
BRDA:68,4,1,0
BRDA:68,5,0,0
BRDA:68,5,1,0
BRDA:70,6,0,0
BRDA:70,6,1,0
BRDA:78,7,0,0
BRDA:78,7,1,0
BRDA:138,8,0,0
BRDA:138,8,1,0
BRDA:139,9,0,0
BRDA:139,9,1,0
BRDA:139,10,0,0
BRDA:139,10,1,0
BRDA:143,11,0,0
BRDA:143,11,1,0
BRDA:143,11,2,0
BRDA:163,12,0,0
BRDA:163,12,1,0
BRDA:177,13,0,0
BRDA:177,13,1,0
BRDA:184,14,0,0
BRDA:184,14,1,0
BRDA:190,15,0,0
BRDA:190,15,1,0
BRDA:196,16,0,0
BRDA:196,16,1,0
BRDA:222,17,0,0
BRDA:222,17,1,0
BRDA:228,18,0,0
BRDA:228,18,1,0
BRF:39
BRH:0
end_of_record
TN:
SF:src\screens\Roster\OpenShifts.tsx
FN:16,(anonymous_0)
FN:17,(anonymous_1)
FN:25,(anonymous_2)
FN:31,(anonymous_3)
FN:59,OpenShifts
FN:83,(anonymous_5)
FN:83,(anonymous_6)
FN:88,(anonymous_7)
FN:89,(anonymous_8)
FN:90,(anonymous_9)
FN:91,(anonymous_10)
FN:93,(anonymous_11)
FN:102,(anonymous_12)
FN:103,(anonymous_13)
FN:104,(anonymous_14)
FN:114,(anonymous_15)
FN:117,(anonymous_16)
FN:122,(anonymous_17)
FN:123,(anonymous_18)
FN:124,(anonymous_19)
FN:126,(anonymous_20)
FN:131,(anonymous_21)
FN:133,(anonymous_22)
FN:137,(anonymous_23)
FN:138,(anonymous_24)
FN:143,(anonymous_25)
FN:143,(anonymous_26)
FN:146,(anonymous_27)
FN:164,(anonymous_28)
FN:167,(anonymous_29)
FN:176,(anonymous_30)
FN:187,(anonymous_31)
FN:195,(anonymous_32)
FN:207,(anonymous_33)
FN:209,(anonymous_34)
FN:219,(anonymous_35)
FN:225,(anonymous_36)
FN:257,(anonymous_37)
FN:280,(anonymous_38)
FN:281,(anonymous_39)
FN:282,(anonymous_40)
FN:290,(anonymous_41)
FN:291,(anonymous_42)
FNF:43
FNH:0
FNDA:0,(anonymous_0)
FNDA:0,(anonymous_1)
FNDA:0,(anonymous_2)
FNDA:0,(anonymous_3)
FNDA:0,OpenShifts
FNDA:0,(anonymous_5)
FNDA:0,(anonymous_6)
FNDA:0,(anonymous_7)
FNDA:0,(anonymous_8)
FNDA:0,(anonymous_9)
FNDA:0,(anonymous_10)
FNDA:0,(anonymous_11)
FNDA:0,(anonymous_12)
FNDA:0,(anonymous_13)
FNDA:0,(anonymous_14)
FNDA:0,(anonymous_15)
FNDA:0,(anonymous_16)
FNDA:0,(anonymous_17)
FNDA:0,(anonymous_18)
FNDA:0,(anonymous_19)
FNDA:0,(anonymous_20)
FNDA:0,(anonymous_21)
FNDA:0,(anonymous_22)
FNDA:0,(anonymous_23)
FNDA:0,(anonymous_24)
FNDA:0,(anonymous_25)
FNDA:0,(anonymous_26)
FNDA:0,(anonymous_27)
FNDA:0,(anonymous_28)
FNDA:0,(anonymous_29)
FNDA:0,(anonymous_30)
FNDA:0,(anonymous_31)
FNDA:0,(anonymous_32)
FNDA:0,(anonymous_33)
FNDA:0,(anonymous_34)
FNDA:0,(anonymous_35)
FNDA:0,(anonymous_36)
FNDA:0,(anonymous_37)
FNDA:0,(anonymous_38)
FNDA:0,(anonymous_39)
FNDA:0,(anonymous_40)
FNDA:0,(anonymous_41)
FNDA:0,(anonymous_42)
DA:16,0
DA:17,0
DA:18,0
DA:19,0
DA:20,0
DA:21,0
DA:22,0
DA:23,0
DA:25,0
DA:26,0
DA:27,0
DA:28,0
DA:29,0
DA:31,0
DA:32,0
DA:33,0
DA:34,0
DA:35,0
DA:49,0
DA:61,0
DA:62,0
DA:63,0
DA:64,0
DA:66,0
DA:67,0
DA:70,0
DA:71,0
DA:79,0
DA:80,0
DA:82,0
DA:83,0
DA:86,0
DA:88,0
DA:89,0
DA:90,0
DA:91,0
DA:93,0
DA:94,0
DA:95,0
DA:96,0
DA:101,0
DA:102,0
DA:103,0
DA:104,0
DA:107,0
DA:114,0
DA:115,0
DA:116,0
DA:117,0
DA:118,0
DA:119,0
DA:122,0
DA:123,0
DA:124,0
DA:126,0
DA:127,0
DA:131,0
DA:132,0
DA:133,0
DA:134,0
DA:135,0
DA:137,0
DA:138,0
DA:142,0
DA:143,0
DA:146,0
DA:147,0
DA:159,0
DA:160,0
DA:164,0
DA:165,0
DA:167,0
DA:176,0
DA:187,0
DA:201,0
DA:207,0
DA:210,0
DA:211,0
DA:212,0
DA:213,0
DA:214,0
DA:216,0
DA:219,0
DA:226,0
DA:257,0
DA:280,0
DA:281,0
DA:282,0
DA:290,0
DA:293,0
DA:294,0
DA:305,0
LF:92
LH:0
BRDA:20,0,0,0
BRDA:20,0,1,0
BRDA:119,1,0,0
BRDA:119,1,1,0
BRDA:122,2,0,0
BRDA:122,2,1,0
BRDA:123,3,0,0
BRDA:123,3,1,0
BRDA:124,4,0,0
BRDA:124,4,1,0
BRDA:134,5,0,0
BRDA:134,5,1,0
BRDA:174,6,0,0
BRDA:174,6,1,0
BRDA:185,7,0,0
BRDA:185,7,1,0
BRDA:220,8,0,0
BRDA:220,8,1,0
BRDA:225,9,0,0
BRDA:225,9,1,0
BRDA:231,10,0,0
BRDA:231,10,1,0
BRDA:231,11,0,0
BRDA:231,11,1,0
BRDA:236,12,0,0
BRDA:236,12,1,0
BRDA:358,13,0,0
BRDA:358,13,1,0
BRDA:360,14,0,0
BRDA:360,14,1,0
BRF:30
BRH:0
end_of_record
TN:
SF:src\theme\colors.ts
FNF:0
FNH:0
DA:2,0
LF:1
LH:0
BRF:0
BRH:0
end_of_record
TN:
SF:src\theme\metrics.ts
FN:7,(anonymous_0)
FN:8,(anonymous_1)
FNF:2
FNH:0
FNDA:0,(anonymous_0)
FNDA:0,(anonymous_1)
DA:3,0
DA:4,0
DA:6,0
DA:7,0
DA:8,0
LF:5
LH:0
BRF:0
BRH:0
end_of_record
TN:
SF:src\types\dashboard.ts
FNF:0
FNH:0
LF:0
LH:0
BRF:0
BRH:0
end_of_record
TN:
SF:src\types\roster.ts
FNF:0
FNH:0
LF:0
LH:0
BRF:0
BRH:0
end_of_record
TN:
SF:src\types\user.ts
FNF:0
FNH:0
LF:0
LH:0
BRF:0
BRH:0
end_of_record
